<?xml version="1.0" encoding="UTF-8"?>
<coverage generated="1703099236">
  <project timestamp="1703099236">
    <file name="/Users/anthony/Developpement/Xpression/src/Bridge/Doctrine/Common/ExpressionBuilderAdapter.php">
      <class name="Symftony\Xpression\Bridge\Doctrine\Common\ExpressionBuilderAdapter" namespace="global">
        <metrics complexity="21" methods="20" coveredmethods="19" conditionals="0" coveredconditionals="0" statements="22" coveredstatements="21" elements="42" coveredelements="40"/>
      </class>
      <line num="14" type="method" name="__construct" visibility="public" complexity="1" crap="1" count="44"/>
      <line num="16" type="stmt" count="44"/>
      <line num="18" type="method" name="getSupportedTokenType" visibility="public" complexity="1" crap="1" count="26"/>
      <line num="20" type="stmt" count="26"/>
      <line num="23" type="method" name="parameter" visibility="public" complexity="1" crap="1" count="27"/>
      <line num="25" type="stmt" count="27"/>
      <line num="28" type="method" name="string" visibility="public" complexity="1" crap="1" count="2"/>
      <line num="30" type="stmt" count="2"/>
      <line num="33" type="method" name="isNull" visibility="public" complexity="1" crap="1" count="1"/>
      <line num="35" type="stmt" count="1"/>
      <line num="38" type="method" name="eq" visibility="public" complexity="1" crap="1" count="18"/>
      <line num="40" type="stmt" count="18"/>
      <line num="43" type="method" name="neq" visibility="public" complexity="1" crap="1" count="3"/>
      <line num="45" type="stmt" count="3"/>
      <line num="48" type="method" name="gt" visibility="public" complexity="1" crap="1" count="1"/>
      <line num="50" type="stmt" count="1"/>
      <line num="53" type="method" name="gte" visibility="public" complexity="1" crap="1" count="3"/>
      <line num="55" type="stmt" count="3"/>
      <line num="58" type="method" name="lt" visibility="public" complexity="1" crap="1" count="1"/>
      <line num="60" type="stmt" count="1"/>
      <line num="63" type="method" name="lte" visibility="public" complexity="1" crap="1" count="3"/>
      <line num="65" type="stmt" count="3"/>
      <line num="68" type="method" name="in" visibility="public" complexity="1" crap="1" count="2"/>
      <line num="70" type="stmt" count="2"/>
      <line num="73" type="method" name="notIn" visibility="public" complexity="1" crap="1" count="2"/>
      <line num="75" type="stmt" count="2"/>
      <line num="81" type="method" name="contains" visibility="public" complexity="2" crap="2.15" count="1"/>
      <line num="83" type="stmt" count="1"/>
      <line num="84" type="stmt" count="0"/>
      <line num="87" type="stmt" count="1"/>
      <line num="90" type="method" name="notContains" visibility="public" complexity="1" crap="1" count="1"/>
      <line num="92" type="stmt" count="1"/>
      <line num="95" type="method" name="andX" visibility="public" complexity="1" crap="1" count="7"/>
      <line num="97" type="stmt" count="7"/>
      <line num="100" type="method" name="nandX" visibility="public" complexity="1" crap="1" count="1"/>
      <line num="102" type="stmt" count="1"/>
      <line num="105" type="method" name="orX" visibility="public" complexity="1" crap="1" count="7"/>
      <line num="107" type="stmt" count="7"/>
      <line num="110" type="method" name="norX" visibility="public" complexity="1" crap="1" count="1"/>
      <line num="112" type="stmt" count="1"/>
      <line num="115" type="method" name="xorX" visibility="public" complexity="1" crap="1" count="1"/>
      <line num="117" type="stmt" count="1"/>
      <metrics loc="120" ncloc="117" classes="1" methods="20" coveredmethods="19" conditionals="0" coveredconditionals="0" statements="22" coveredstatements="21" elements="42" coveredelements="40"/>
    </file>
    <file name="/Users/anthony/Developpement/Xpression/src/Bridge/Doctrine/ORM/ExprAdapter.php">
      <class name="Symftony\Xpression\Bridge\Doctrine\ORM\ExprAdapter" namespace="global">
        <metrics complexity="21" methods="20" coveredmethods="20" conditionals="0" coveredconditionals="0" statements="20" coveredstatements="20" elements="40" coveredelements="40"/>
      </class>
      <line num="16" type="method" name="__construct" visibility="public" complexity="1" crap="1" count="58"/>
      <line num="18" type="stmt" count="58"/>
      <line num="21" type="method" name="getSupportedTokenType" visibility="public" complexity="1" crap="1" count="27"/>
      <line num="23" type="stmt" count="27"/>
      <line num="26" type="method" name="parameter" visibility="public" complexity="2" crap="2" count="27"/>
      <line num="28" type="stmt" count="27"/>
      <line num="31" type="method" name="string" visibility="public" complexity="1" crap="1" count="1"/>
      <line num="33" type="stmt" count="1"/>
      <line num="36" type="method" name="isNull" visibility="public" complexity="1" crap="1" count="1"/>
      <line num="38" type="stmt" count="1"/>
      <line num="41" type="method" name="eq" visibility="public" complexity="1" crap="1" count="18"/>
      <line num="43" type="stmt" count="18"/>
      <line num="46" type="method" name="neq" visibility="public" complexity="1" crap="1" count="3"/>
      <line num="48" type="stmt" count="3"/>
      <line num="51" type="method" name="gt" visibility="public" complexity="1" crap="1" count="1"/>
      <line num="53" type="stmt" count="1"/>
      <line num="56" type="method" name="gte" visibility="public" complexity="1" crap="1" count="3"/>
      <line num="58" type="stmt" count="3"/>
      <line num="61" type="method" name="lt" visibility="public" complexity="1" crap="1" count="1"/>
      <line num="63" type="stmt" count="1"/>
      <line num="66" type="method" name="lte" visibility="public" complexity="1" crap="1" count="3"/>
      <line num="68" type="stmt" count="3"/>
      <line num="71" type="method" name="in" visibility="public" complexity="1" crap="1" count="2"/>
      <line num="73" type="stmt" count="2"/>
      <line num="76" type="method" name="notIn" visibility="public" complexity="1" crap="1" count="2"/>
      <line num="78" type="stmt" count="2"/>
      <line num="81" type="method" name="contains" visibility="public" complexity="1" crap="1" count="2"/>
      <line num="83" type="stmt" count="2"/>
      <line num="86" type="method" name="notContains" visibility="public" complexity="1" crap="1" count="2"/>
      <line num="88" type="stmt" count="2"/>
      <line num="91" type="method" name="andX" visibility="public" complexity="1" crap="1" count="10"/>
      <line num="93" type="stmt" count="10"/>
      <line num="96" type="method" name="nandX" visibility="public" complexity="1" crap="1" count="4"/>
      <line num="98" type="stmt" count="4"/>
      <line num="101" type="method" name="orX" visibility="public" complexity="1" crap="1" count="10"/>
      <line num="103" type="stmt" count="10"/>
      <line num="106" type="method" name="norX" visibility="public" complexity="1" crap="1" count="4"/>
      <line num="108" type="stmt" count="4"/>
      <line num="111" type="method" name="xorX" visibility="public" complexity="1" crap="1" count="4"/>
      <line num="113" type="stmt" count="4"/>
      <metrics loc="116" ncloc="116" classes="1" methods="20" coveredmethods="20" conditionals="0" coveredconditionals="0" statements="20" coveredstatements="20" elements="40" coveredelements="40"/>
    </file>
    <file name="/Users/anthony/Developpement/Xpression/src/Bridge/MongoDB/ExprBuilder.php">
      <class name="Symftony\Xpression\Bridge\MongoDB\ExprBuilder" namespace="global">
        <metrics complexity="19" methods="19" coveredmethods="19" conditionals="0" coveredconditionals="0" statements="19" coveredstatements="19" elements="38" coveredelements="38"/>
      </class>
      <line num="13" type="method" name="getSupportedTokenType" visibility="public" complexity="1" crap="1" count="24"/>
      <line num="15" type="stmt" count="24"/>
      <line num="18" type="method" name="parameter" visibility="public" complexity="1" crap="1" count="23"/>
      <line num="20" type="stmt" count="23"/>
      <line num="23" type="method" name="string" visibility="public" complexity="1" crap="1" count="1"/>
      <line num="25" type="stmt" count="1"/>
      <line num="28" type="method" name="isNull" visibility="public" complexity="1" crap="1" count="1"/>
      <line num="30" type="stmt" count="1"/>
      <line num="33" type="method" name="eq" visibility="public" complexity="1" crap="1" count="14"/>
      <line num="35" type="stmt" count="14"/>
      <line num="38" type="method" name="neq" visibility="public" complexity="1" crap="1" count="3"/>
      <line num="40" type="stmt" count="3"/>
      <line num="43" type="method" name="gt" visibility="public" complexity="1" crap="1" count="1"/>
      <line num="45" type="stmt" count="1"/>
      <line num="48" type="method" name="gte" visibility="public" complexity="1" crap="1" count="3"/>
      <line num="50" type="stmt" count="3"/>
      <line num="53" type="method" name="lt" visibility="public" complexity="1" crap="1" count="1"/>
      <line num="55" type="stmt" count="1"/>
      <line num="58" type="method" name="lte" visibility="public" complexity="1" crap="1" count="3"/>
      <line num="60" type="stmt" count="3"/>
      <line num="63" type="method" name="in" visibility="public" complexity="1" crap="1" count="2"/>
      <line num="65" type="stmt" count="2"/>
      <line num="68" type="method" name="notIn" visibility="public" complexity="1" crap="1" count="2"/>
      <line num="70" type="stmt" count="2"/>
      <line num="73" type="method" name="contains" visibility="public" complexity="1" crap="1" count="2"/>
      <line num="75" type="stmt" count="2"/>
      <line num="78" type="method" name="notContains" visibility="public" complexity="1" crap="1" count="1"/>
      <line num="80" type="stmt" count="1"/>
      <line num="83" type="method" name="andX" visibility="public" complexity="1" crap="1" count="7"/>
      <line num="85" type="stmt" count="7"/>
      <line num="89" type="method" name="nandX" visibility="public" complexity="1" crap="1" count="1"/>
      <line num="91" type="stmt" count="1"/>
      <line num="94" type="method" name="orX" visibility="public" complexity="1" crap="1" count="8"/>
      <line num="96" type="stmt" count="8"/>
      <line num="99" type="method" name="norX" visibility="public" complexity="1" crap="1" count="1"/>
      <line num="101" type="stmt" count="1"/>
      <line num="104" type="method" name="xorX" visibility="public" complexity="1" crap="1" count="1"/>
      <line num="106" type="stmt" count="1"/>
      <metrics loc="109" ncloc="108" classes="1" methods="19" coveredmethods="19" conditionals="0" coveredconditionals="0" statements="19" coveredstatements="19" elements="38" coveredelements="38"/>
    </file>
    <file name="/Users/anthony/Developpement/Xpression/src/Expr/ClosureExpressionBuilder.php">
      <class name="Symftony\Xpression\Expr\ClosureExpressionBuilder" namespace="global">
        <metrics complexity="34" methods="20" coveredmethods="19" conditionals="0" coveredconditionals="0" statements="60" coveredstatements="58" elements="80" coveredelements="77"/>
      </class>
      <line num="11" type="method" name="getObjectFieldValue" visibility="public" complexity="9" crap="9.06" count="36"/>
      <line num="13" type="stmt" count="36"/>
      <line num="14" type="stmt" count="29"/>
      <line num="17" type="stmt" count="7"/>
      <line num="19" type="stmt" count="7"/>
      <line num="20" type="stmt" count="7"/>
      <line num="22" type="stmt" count="7"/>
      <line num="23" type="stmt" count="6"/>
      <line num="26" type="stmt" count="2"/>
      <line num="30" type="stmt" count="5"/>
      <line num="32" type="stmt" count="5"/>
      <line num="33" type="stmt" count="1"/>
      <line num="36" type="stmt" count="4"/>
      <line num="37" type="stmt" count="1"/>
      <line num="40" type="stmt" count="3"/>
      <line num="41" type="stmt" count="2"/>
      <line num="45" type="stmt" count="1"/>
      <line num="47" type="stmt" count="1"/>
      <line num="48" type="stmt" count="1"/>
      <line num="50" type="stmt" count="1"/>
      <line num="51" type="stmt" count="0"/>
      <line num="54" type="stmt" count="1"/>
      <line num="57" type="stmt" count="0"/>
      <line num="60" type="method" name="getSupportedTokenType" visibility="public" complexity="1" crap="1" count="1"/>
      <line num="62" type="stmt" count="1"/>
      <line num="69" type="method" name="parameter" visibility="public" complexity="1" crap="1" count="1"/>
      <line num="71" type="stmt" count="1"/>
      <line num="74" type="method" name="string" visibility="public" complexity="1" crap="1" count="1"/>
      <line num="76" type="stmt" count="1"/>
      <line num="79" type="method" name="isNull" visibility="public" complexity="1" crap="1" count="2"/>
      <line num="81" type="stmt" count="2"/>
      <line num="84" type="method" name="eq" visibility="public" complexity="1" crap="1" count="3"/>
      <line num="86" type="stmt" count="3"/>
      <line num="89" type="method" name="neq" visibility="public" complexity="1" crap="1" count="3"/>
      <line num="91" type="stmt" count="3"/>
      <line num="94" type="method" name="gt" visibility="public" complexity="1" crap="1" count="3"/>
      <line num="96" type="stmt" count="3"/>
      <line num="99" type="method" name="gte" visibility="public" complexity="1" crap="1" count="3"/>
      <line num="101" type="stmt" count="3"/>
      <line num="104" type="method" name="lt" visibility="public" complexity="1" crap="1" count="3"/>
      <line num="106" type="stmt" count="3"/>
      <line num="109" type="method" name="lte" visibility="public" complexity="1" crap="1" count="3"/>
      <line num="111" type="stmt" count="3"/>
      <line num="114" type="method" name="in" visibility="public" complexity="1" crap="1" count="2"/>
      <line num="116" type="stmt" count="2"/>
      <line num="119" type="method" name="notIn" visibility="public" complexity="1" crap="1" count="2"/>
      <line num="121" type="stmt" count="2"/>
      <line num="124" type="method" name="contains" visibility="public" complexity="1" crap="1" count="2"/>
      <line num="126" type="stmt" count="2"/>
      <line num="129" type="method" name="notContains" visibility="public" complexity="1" crap="1" count="2"/>
      <line num="131" type="stmt" count="2"/>
      <line num="134" type="method" name="andX" visibility="public" complexity="3" crap="3" count="8"/>
      <line num="136" type="stmt" count="8"/>
      <line num="137" type="stmt" count="8"/>
      <line num="138" type="stmt" count="8"/>
      <line num="139" type="stmt" count="6"/>
      <line num="143" type="stmt" count="2"/>
      <line num="144" type="stmt" count="8"/>
      <line num="147" type="method" name="nandX" visibility="public" complexity="1" crap="1" count="4"/>
      <line num="149" type="stmt" count="4"/>
      <line num="151" type="stmt" count="4"/>
      <line num="154" type="method" name="orX" visibility="public" complexity="3" crap="3" count="8"/>
      <line num="156" type="stmt" count="8"/>
      <line num="157" type="stmt" count="8"/>
      <line num="158" type="stmt" count="8"/>
      <line num="159" type="stmt" count="6"/>
      <line num="163" type="stmt" count="2"/>
      <line num="164" type="stmt" count="8"/>
      <line num="167" type="method" name="norX" visibility="public" complexity="1" crap="1" count="4"/>
      <line num="169" type="stmt" count="4"/>
      <line num="171" type="stmt" count="4"/>
      <line num="174" type="method" name="xorX" visibility="public" complexity="3" crap="3" count="12"/>
      <line num="176" type="stmt" count="12"/>
      <line num="177" type="stmt" count="12"/>
      <line num="178" type="stmt" count="12"/>
      <line num="179" type="stmt" count="12"/>
      <line num="180" type="stmt" count="10"/>
      <line num="184" type="stmt" count="12"/>
      <line num="186" type="stmt" count="12"/>
      <line num="187" type="stmt" count="12"/>
      <metrics loc="190" ncloc="184" classes="1" methods="20" coveredmethods="19" conditionals="0" coveredconditionals="0" statements="60" coveredstatements="58" elements="80" coveredelements="77"/>
    </file>
    <file name="/Users/anthony/Developpement/Xpression/src/Expr/ExpressionBuilderInterface.php">
      <metrics loc="50" ncloc="47" classes="0" methods="0" coveredmethods="0" conditionals="0" coveredconditionals="0" statements="0" coveredstatements="0" elements="0" coveredelements="0"/>
    </file>
    <file name="/Users/anthony/Developpement/Xpression/src/Expr/HtmlExpressionBuilder.php">
      <class name="Symftony\Xpression\Expr\HtmlExpressionBuilder" namespace="global">
        <metrics complexity="22" methods="20" coveredmethods="20" conditionals="0" coveredconditionals="0" statements="25" coveredstatements="25" elements="45" coveredelements="45"/>
      </class>
      <line num="29" type="method" name="__construct" visibility="public" complexity="3" crap="3" count="59"/>
      <line num="31" type="stmt" count="59"/>
      <line num="32" type="stmt" count="59"/>
      <line num="33" type="stmt" count="59"/>
      <line num="34" type="stmt" count="59"/>
      <line num="35" type="stmt" count="59"/>
      <line num="36" type="stmt" count="59"/>
      <line num="39" type="method" name="getSupportedTokenType" visibility="public" complexity="1" crap="1" count="1"/>
      <line num="41" type="stmt" count="1"/>
      <line num="44" type="method" name="parameter" visibility="public" complexity="1" crap="1" count="1"/>
      <line num="46" type="stmt" count="1"/>
      <line num="49" type="method" name="string" visibility="public" complexity="1" crap="1" count="1"/>
      <line num="51" type="stmt" count="1"/>
      <line num="54" type="method" name="isNull" visibility="public" complexity="1" crap="1" count="2"/>
      <line num="56" type="stmt" count="2"/>
      <line num="59" type="method" name="eq" visibility="public" complexity="1" crap="1" count="3"/>
      <line num="61" type="stmt" count="3"/>
      <line num="64" type="method" name="neq" visibility="public" complexity="1" crap="1" count="3"/>
      <line num="66" type="stmt" count="3"/>
      <line num="69" type="method" name="gt" visibility="public" complexity="1" crap="1" count="3"/>
      <line num="71" type="stmt" count="3"/>
      <line num="74" type="method" name="gte" visibility="public" complexity="1" crap="1" count="3"/>
      <line num="76" type="stmt" count="3"/>
      <line num="79" type="method" name="lt" visibility="public" complexity="1" crap="1" count="3"/>
      <line num="81" type="stmt" count="3"/>
      <line num="84" type="method" name="lte" visibility="public" complexity="1" crap="1" count="3"/>
      <line num="86" type="stmt" count="3"/>
      <line num="89" type="method" name="in" visibility="public" complexity="1" crap="1" count="2"/>
      <line num="91" type="stmt" count="2"/>
      <line num="94" type="method" name="notIn" visibility="public" complexity="1" crap="1" count="2"/>
      <line num="96" type="stmt" count="2"/>
      <line num="99" type="method" name="contains" visibility="public" complexity="1" crap="1" count="2"/>
      <line num="101" type="stmt" count="2"/>
      <line num="104" type="method" name="notContains" visibility="public" complexity="1" crap="1" count="2"/>
      <line num="106" type="stmt" count="2"/>
      <line num="109" type="method" name="andX" visibility="public" complexity="1" crap="1" count="4"/>
      <line num="111" type="stmt" count="4"/>
      <line num="114" type="method" name="nandX" visibility="public" complexity="1" crap="1" count="4"/>
      <line num="116" type="stmt" count="4"/>
      <line num="119" type="method" name="orX" visibility="public" complexity="1" crap="1" count="4"/>
      <line num="121" type="stmt" count="4"/>
      <line num="124" type="method" name="norX" visibility="public" complexity="1" crap="1" count="4"/>
      <line num="126" type="stmt" count="4"/>
      <line num="129" type="method" name="xorX" visibility="public" complexity="1" crap="1" count="12"/>
      <line num="131" type="stmt" count="12"/>
      <metrics loc="134" ncloc="120" classes="1" methods="20" coveredmethods="20" conditionals="0" coveredconditionals="0" statements="25" coveredstatements="25" elements="45" coveredelements="45"/>
    </file>
    <file name="/Users/anthony/Developpement/Xpression/src/Expr/MapperExpressionBuilder.php">
      <class name="Symftony\Xpression\Expr\MapperExpressionBuilder" namespace="global">
        <metrics complexity="26" methods="21" coveredmethods="20" conditionals="0" coveredconditionals="0" statements="28" coveredstatements="27" elements="49" coveredelements="47"/>
      </class>
      <line num="12" type="method" name="__construct" visibility="public" complexity="1" crap="1" count="53"/>
      <line num="15" type="stmt" count="53"/>
      <line num="17" type="method" name="getSupportedTokenType" visibility="public" complexity="1" crap="1" count="1"/>
      <line num="19" type="stmt" count="1"/>
      <line num="22" type="method" name="parameter" visibility="public" complexity="1" crap="1" count="2"/>
      <line num="24" type="stmt" count="2"/>
      <line num="27" type="method" name="string" visibility="public" complexity="1" crap="1" count="1"/>
      <line num="29" type="stmt" count="1"/>
      <line num="32" type="method" name="isNull" visibility="public" complexity="1" crap="1" count="4"/>
      <line num="34" type="stmt" count="4"/>
      <line num="37" type="method" name="eq" visibility="public" complexity="1" crap="1" count="4"/>
      <line num="39" type="stmt" count="4"/>
      <line num="42" type="method" name="neq" visibility="public" complexity="1" crap="1" count="4"/>
      <line num="44" type="stmt" count="4"/>
      <line num="47" type="method" name="gt" visibility="public" complexity="1" crap="1" count="4"/>
      <line num="49" type="stmt" count="4"/>
      <line num="52" type="method" name="gte" visibility="public" complexity="1" crap="1" count="4"/>
      <line num="54" type="stmt" count="4"/>
      <line num="57" type="method" name="lt" visibility="public" complexity="1" crap="1" count="4"/>
      <line num="59" type="stmt" count="4"/>
      <line num="62" type="method" name="lte" visibility="public" complexity="1" crap="1" count="4"/>
      <line num="64" type="stmt" count="4"/>
      <line num="67" type="method" name="in" visibility="public" complexity="1" crap="1" count="4"/>
      <line num="69" type="stmt" count="4"/>
      <line num="72" type="method" name="notIn" visibility="public" complexity="1" crap="1" count="4"/>
      <line num="74" type="stmt" count="4"/>
      <line num="77" type="method" name="contains" visibility="public" complexity="1" crap="1" count="4"/>
      <line num="79" type="stmt" count="4"/>
      <line num="82" type="method" name="notContains" visibility="public" complexity="1" crap="1" count="4"/>
      <line num="84" type="stmt" count="4"/>
      <line num="87" type="method" name="andX" visibility="public" complexity="1" crap="1" count="1"/>
      <line num="89" type="stmt" count="1"/>
      <line num="92" type="method" name="nandX" visibility="public" complexity="1" crap="1" count="1"/>
      <line num="94" type="stmt" count="1"/>
      <line num="97" type="method" name="orX" visibility="public" complexity="1" crap="1" count="1"/>
      <line num="99" type="stmt" count="1"/>
      <line num="102" type="method" name="norX" visibility="public" complexity="1" crap="1" count="1"/>
      <line num="104" type="stmt" count="1"/>
      <line num="107" type="method" name="xorX" visibility="public" complexity="1" crap="1" count="1"/>
      <line num="109" type="stmt" count="1"/>
      <line num="112" type="method" name="mapField" visibility="private" complexity="6" crap="6.07" count="44"/>
      <line num="115" type="stmt" count="44"/>
      <line num="116" type="stmt" count="44"/>
      <line num="118" type="stmt" count="0"/>
      <line num="121" type="stmt" count="44"/>
      <line num="122" type="stmt" count="11"/>
      <line num="125" type="stmt" count="33"/>
      <line num="126" type="stmt" count="11"/>
      <line num="129" type="stmt" count="22"/>
      <metrics loc="132" ncloc="129" classes="1" methods="21" coveredmethods="20" conditionals="0" coveredconditionals="0" statements="28" coveredstatements="27" elements="49" coveredelements="47"/>
    </file>
    <file name="/Users/anthony/Developpement/Xpression/src/Lexer.php">
      <class name="Symftony\Xpression\Lexer" namespace="global">
        <metrics complexity="59" methods="4" coveredmethods="4" conditionals="0" coveredconditionals="0" statements="152" coveredstatements="152" elements="156" coveredelements="156"/>
      </class>
      <line num="55" type="method" name="getTokenSyntax" visibility="public" complexity="25" crap="25" count="3"/>
      <line num="57" type="stmt" count="3"/>
      <line num="59" type="stmt" count="3"/>
      <line num="60" type="stmt" count="1"/>
      <line num="64" type="stmt" count="3"/>
      <line num="65" type="stmt" count="2"/>
      <line num="67" type="stmt" count="3"/>
      <line num="68" type="stmt" count="2"/>
      <line num="70" type="stmt" count="3"/>
      <line num="71" type="stmt" count="2"/>
      <line num="75" type="stmt" count="3"/>
      <line num="76" type="stmt" count="2"/>
      <line num="80" type="stmt" count="3"/>
      <line num="81" type="stmt" count="1"/>
      <line num="83" type="stmt" count="3"/>
      <line num="84" type="stmt" count="1"/>
      <line num="86" type="stmt" count="3"/>
      <line num="87" type="stmt" count="1"/>
      <line num="89" type="stmt" count="3"/>
      <line num="90" type="stmt" count="1"/>
      <line num="92" type="stmt" count="3"/>
      <line num="93" type="stmt" count="1"/>
      <line num="95" type="stmt" count="3"/>
      <line num="96" type="stmt" count="1"/>
      <line num="100" type="stmt" count="3"/>
      <line num="101" type="stmt" count="1"/>
      <line num="103" type="stmt" count="3"/>
      <line num="104" type="stmt" count="1"/>
      <line num="106" type="stmt" count="3"/>
      <line num="107" type="stmt" count="1"/>
      <line num="109" type="stmt" count="3"/>
      <line num="110" type="stmt" count="1"/>
      <line num="112" type="stmt" count="3"/>
      <line num="113" type="stmt" count="1"/>
      <line num="117" type="stmt" count="3"/>
      <line num="118" type="stmt" count="1"/>
      <line num="120" type="stmt" count="3"/>
      <line num="121" type="stmt" count="1"/>
      <line num="123" type="stmt" count="3"/>
      <line num="124" type="stmt" count="1"/>
      <line num="126" type="stmt" count="3"/>
      <line num="127" type="stmt" count="1"/>
      <line num="129" type="stmt" count="3"/>
      <line num="130" type="stmt" count="1"/>
      <line num="132" type="stmt" count="3"/>
      <line num="133" type="stmt" count="1"/>
      <line num="135" type="stmt" count="3"/>
      <line num="136" type="stmt" count="1"/>
      <line num="138" type="stmt" count="3"/>
      <line num="139" type="stmt" count="1"/>
      <line num="142" type="stmt" count="3"/>
      <line num="148" type="method" name="getCatchablePatterns" visibility="protected" complexity="1" crap="1" count="31"/>
      <line num="150" type="stmt" count="31"/>
      <line num="151" type="stmt" count="31"/>
      <line num="152" type="stmt" count="31"/>
      <line num="153" type="stmt" count="31"/>
      <line num="154" type="stmt" count="31"/>
      <line num="155" type="stmt" count="31"/>
      <line num="156" type="stmt" count="31"/>
      <line num="157" type="stmt" count="31"/>
      <line num="158" type="stmt" count="31"/>
      <line num="164" type="method" name="getNonCatchablePatterns" visibility="protected" complexity="1" crap="1" count="31"/>
      <line num="166" type="stmt" count="31"/>
      <line num="167" type="stmt" count="31"/>
      <line num="168" type="stmt" count="31"/>
      <line num="169" type="stmt" count="31"/>
      <line num="179" type="method" name="getType" visibility="protected" complexity="32" crap="32" count="31"/>
      <line num="183" type="stmt" count="31"/>
      <line num="184" type="stmt" count="2"/>
      <line num="186" type="stmt" count="2"/>
      <line num="189" type="stmt" count="31"/>
      <line num="190" type="stmt" count="23"/>
      <line num="191" type="stmt" count="1"/>
      <line num="192" type="stmt" count="1"/>
      <line num="194" type="stmt" count="1"/>
      <line num="197" type="stmt" count="22"/>
      <line num="198" type="stmt" count="22"/>
      <line num="200" type="stmt" count="22"/>
      <line num="203" type="stmt" count="31"/>
      <line num="204" type="stmt" count="1"/>
      <line num="206" type="stmt" count="1"/>
      <line num="208" type="stmt" count="1"/>
      <line num="210" type="stmt" count="31"/>
      <line num="211" type="stmt" count="1"/>
      <line num="213" type="stmt" count="1"/>
      <line num="215" type="stmt" count="1"/>
      <line num="217" type="stmt" count="31"/>
      <line num="218" type="stmt" count="25"/>
      <line num="220" type="stmt" count="25"/>
      <line num="223" type="stmt" count="31"/>
      <line num="224" type="stmt" count="11"/>
      <line num="226" type="stmt" count="11"/>
      <line num="228" type="stmt" count="25"/>
      <line num="229" type="stmt" count="24"/>
      <line num="230" type="stmt" count="2"/>
      <line num="231" type="stmt" count="2"/>
      <line num="233" type="stmt" count="2"/>
      <line num="235" type="stmt" count="23"/>
      <line num="236" type="stmt" count="1"/>
      <line num="238" type="stmt" count="1"/>
      <line num="240" type="stmt" count="22"/>
      <line num="241" type="stmt" count="21"/>
      <line num="242" type="stmt" count="2"/>
      <line num="243" type="stmt" count="2"/>
      <line num="245" type="stmt" count="2"/>
      <line num="247" type="stmt" count="20"/>
      <line num="248" type="stmt" count="1"/>
      <line num="250" type="stmt" count="1"/>
      <line num="252" type="stmt" count="19"/>
      <line num="253" type="stmt" count="18"/>
      <line num="254" type="stmt" count="2"/>
      <line num="255" type="stmt" count="2"/>
      <line num="257" type="stmt" count="2"/>
      <line num="260" type="stmt" count="17"/>
      <line num="261" type="stmt" count="1"/>
      <line num="263" type="stmt" count="1"/>
      <line num="265" type="stmt" count="16"/>
      <line num="266" type="stmt" count="1"/>
      <line num="268" type="stmt" count="1"/>
      <line num="270" type="stmt" count="15"/>
      <line num="271" type="stmt" count="1"/>
      <line num="273" type="stmt" count="1"/>
      <line num="275" type="stmt" count="14"/>
      <line num="276" type="stmt" count="1"/>
      <line num="278" type="stmt" count="1"/>
      <line num="280" type="stmt" count="13"/>
      <line num="281" type="stmt" count="13"/>
      <line num="282" type="stmt" count="1"/>
      <line num="283" type="stmt" count="1"/>
      <line num="285" type="stmt" count="1"/>
      <line num="288" type="stmt" count="12"/>
      <line num="289" type="stmt" count="2"/>
      <line num="291" type="stmt" count="2"/>
      <line num="293" type="stmt" count="12"/>
      <line num="294" type="stmt" count="2"/>
      <line num="296" type="stmt" count="2"/>
      <line num="298" type="stmt" count="10"/>
      <line num="299" type="stmt" count="1"/>
      <line num="301" type="stmt" count="1"/>
      <line num="303" type="stmt" count="10"/>
      <line num="304" type="stmt" count="1"/>
      <line num="306" type="stmt" count="1"/>
      <line num="308" type="stmt" count="10"/>
      <line num="309" type="stmt" count="2"/>
      <line num="311" type="stmt" count="2"/>
      <line num="313" type="stmt" count="8"/>
      <line num="314" type="stmt" count="1"/>
      <line num="316" type="stmt" count="1"/>
      <line num="318" type="stmt" count="8"/>
      <line num="319" type="stmt" count="1"/>
      <line num="321" type="stmt" count="1"/>
      <line num="323" type="stmt" count="8"/>
      <line num="324" type="stmt" count="2"/>
      <line num="326" type="stmt" count="2"/>
      <line num="330" type="stmt" count="6"/>
      <line num="333" type="stmt" count="25"/>
      <metrics loc="336" ncloc="297" classes="1" methods="4" coveredmethods="4" conditionals="0" coveredconditionals="0" statements="152" coveredstatements="152" elements="156" coveredelements="156"/>
    </file>
    <file name="/Users/anthony/Developpement/Xpression/src/Parser.php">
      <class name="Symftony\Xpression\Parser" namespace="global">
        <metrics complexity="57" methods="5" coveredmethods="2" conditionals="0" coveredconditionals="0" statements="163" coveredstatements="151" elements="168" coveredelements="153"/>
      </class>
      <line num="48" type="method" name="__construct" visibility="public" complexity="1" crap="1" count="134"/>
      <line num="50" type="stmt" count="134"/>
      <line num="51" type="stmt" count="134"/>
      <line num="57" type="method" name="parse" visibility="public" complexity="4" crap="4.02" count="134"/>
      <line num="59" type="stmt" count="134"/>
      <line num="60" type="stmt" count="134"/>
      <line num="63" type="stmt" count="134"/>
      <line num="64" type="stmt" count="134"/>
      <line num="66" type="stmt" count="134"/>
      <line num="67" type="stmt" count="47"/>
      <line num="68" type="stmt" count="0"/>
      <line num="69" type="stmt" count="47"/>
      <line num="70" type="stmt" count="47"/>
      <line num="79" type="method" name="getExpression" visibility="private" complexity="44" crap="44.65" count="134"/>
      <line num="81" type="stmt" count="134"/>
      <line num="82" type="stmt" count="134"/>
      <line num="83" type="stmt" count="134"/>
      <line num="84" type="stmt" count="134"/>
      <line num="86" type="stmt" count="134"/>
      <line num="88" type="stmt" count="134"/>
      <line num="89" type="stmt" count="134"/>
      <line num="90" type="stmt" count="134"/>
      <line num="91" type="stmt" count="134"/>
      <line num="92" type="stmt" count="134"/>
      <line num="93" type="stmt" count="134"/>
      <line num="95" type="stmt" count="134"/>
      <line num="96" type="stmt" count="134"/>
      <line num="97" type="stmt" count="134"/>
      <line num="98" type="stmt" count="134"/>
      <line num="100" type="stmt" count="134"/>
      <line num="101" type="stmt" count="19"/>
      <line num="104" type="stmt" count="133"/>
      <line num="105" type="stmt" count="27"/>
      <line num="108" type="stmt" count="106"/>
      <line num="109" type="stmt" count="1"/>
      <line num="114" type="stmt" count="12"/>
      <line num="115" type="stmt" count="12"/>
      <line num="116" type="stmt" count="12"/>
      <line num="118" type="stmt" count="12"/>
      <line num="121" type="stmt" count="12"/>
      <line num="122" type="stmt" count="12"/>
      <line num="123" type="stmt" count="12"/>
      <line num="124" type="stmt" count="12"/>
      <line num="126" type="stmt" count="12"/>
      <line num="128" type="stmt" count="12"/>
      <line num="129" type="stmt" count="12"/>
      <line num="131" type="stmt" count="12"/>
      <line num="134" type="stmt" count="8"/>
      <line num="136" type="stmt" count="8"/>
      <line num="139" type="stmt" count="106"/>
      <line num="143" type="stmt" count="106"/>
      <line num="144" type="stmt" count="33"/>
      <line num="150" type="stmt" count="106"/>
      <line num="151" type="stmt" count="102"/>
      <line num="153" type="stmt" count="106"/>
      <line num="154" type="stmt" count="106"/>
      <line num="155" type="stmt" count="106"/>
      <line num="156" type="stmt" count="106"/>
      <line num="158" type="stmt" count="106"/>
      <line num="161" type="stmt" count="104"/>
      <line num="162" type="stmt" count="8"/>
      <line num="163" type="stmt" count="8"/>
      <line num="164" type="stmt" count="8"/>
      <line num="166" type="stmt" count="8"/>
      <line num="169" type="stmt" count="96"/>
      <line num="170" type="stmt" count="7"/>
      <line num="171" type="stmt" count="7"/>
      <line num="172" type="stmt" count="7"/>
      <line num="174" type="stmt" count="7"/>
      <line num="176" type="stmt" count="90"/>
      <line num="177" type="stmt" count="90"/>
      <line num="178" type="stmt" count="90"/>
      <line num="179" type="stmt" count="90"/>
      <line num="180" type="stmt" count="90"/>
      <line num="182" type="stmt" count="90"/>
      <line num="185" type="stmt" count="65"/>
      <line num="186" type="stmt" count="65"/>
      <line num="188" type="stmt" count="65"/>
      <line num="191" type="stmt" count="8"/>
      <line num="192" type="stmt" count="8"/>
      <line num="194" type="stmt" count="8"/>
      <line num="197" type="stmt" count="1"/>
      <line num="198" type="stmt" count="1"/>
      <line num="200" type="stmt" count="1"/>
      <line num="203" type="stmt" count="8"/>
      <line num="204" type="stmt" count="8"/>
      <line num="206" type="stmt" count="8"/>
      <line num="209" type="stmt" count="1"/>
      <line num="210" type="stmt" count="1"/>
      <line num="212" type="stmt" count="1"/>
      <line num="215" type="stmt" count="8"/>
      <line num="216" type="stmt" count="8"/>
      <line num="218" type="stmt" count="8"/>
      <line num="221" type="stmt" count="4"/>
      <line num="222" type="stmt" count="4"/>
      <line num="223" type="stmt" count="4"/>
      <line num="225" type="stmt" count="4"/>
      <line num="228" type="stmt" count="4"/>
      <line num="229" type="stmt" count="4"/>
      <line num="230" type="stmt" count="4"/>
      <line num="232" type="stmt" count="4"/>
      <line num="235" type="stmt" count="8"/>
      <line num="236" type="stmt" count="8"/>
      <line num="237" type="stmt" count="8"/>
      <line num="238" type="stmt" count="8"/>
      <line num="239" type="stmt" count="8"/>
      <line num="241" type="stmt" count="8"/>
      <line num="244" type="stmt" count="4"/>
      <line num="245" type="stmt" count="4"/>
      <line num="246" type="stmt" count="4"/>
      <line num="248" type="stmt" count="4"/>
      <line num="251" type="stmt" count="3"/>
      <line num="252" type="stmt" count="3"/>
      <line num="253" type="stmt" count="3"/>
      <line num="255" type="stmt" count="3"/>
      <line num="258" type="stmt" count="7"/>
      <line num="259" type="stmt" count="7"/>
      <line num="260" type="stmt" count="7"/>
      <line num="261" type="stmt" count="7"/>
      <line num="262" type="stmt" count="7"/>
      <line num="264" type="stmt" count="7"/>
      <line num="271" type="stmt" count="43"/>
      <line num="272" type="stmt" count="43"/>
      <line num="273" type="stmt" count="43"/>
      <line num="274" type="stmt" count="43"/>
      <line num="275" type="stmt" count="43"/>
      <line num="276" type="stmt" count="43"/>
      <line num="277" type="stmt" count="43"/>
      <line num="279" type="stmt" count="43"/>
      <line num="282" type="stmt" count="15"/>
      <line num="283" type="stmt" count="11"/>
      <line num="284" type="stmt" count="11"/>
      <line num="285" type="stmt" count="11"/>
      <line num="286" type="stmt" count="11"/>
      <line num="287" type="stmt" count="11"/>
      <line num="288" type="stmt" count="11"/>
      <line num="290" type="stmt" count="11"/>
      <line num="293" type="stmt" count="8"/>
      <line num="294" type="stmt" count="8"/>
      <line num="295" type="stmt" count="8"/>
      <line num="296" type="stmt" count="8"/>
      <line num="297" type="stmt" count="8"/>
      <line num="299" type="stmt" count="8"/>
      <line num="302" type="stmt" count="0"/>
      <line num="303" type="stmt" count="0"/>
      <line num="304" type="stmt" count="0"/>
      <line num="305" type="stmt" count="0"/>
      <line num="306" type="stmt" count="0"/>
      <line num="309" type="stmt" count="0"/>
      <line num="310" type="stmt" count="0"/>
      <line num="311" type="stmt" count="0"/>
      <line num="312" type="stmt" count="0"/>
      <line num="313" type="stmt" count="0"/>
      <line num="317" type="stmt" count="87"/>
      <line num="318" type="stmt" count="87"/>
      <line num="321" type="stmt" count="87"/>
      <line num="322" type="stmt" count="51"/>
      <line num="325" type="stmt" count="36"/>
      <line num="336" type="method" name="buildComposite" visibility="private" complexity="7" crap="7.23" count="26"/>
      <line num="340" type="stmt" count="26"/>
      <line num="343" type="stmt" count="2"/>
      <line num="346" type="stmt" count="26"/>
      <line num="349" type="stmt" count="2"/>
      <line num="352" type="stmt" count="3"/>
      <line num="355" type="stmt" count="0"/>
      <line num="362" type="method" name="getNextToken" visibility="private" complexity="1" crap="1" count="134"/>
      <line num="364" type="stmt" count="134"/>
      <line num="366" type="stmt" count="134"/>
      <metrics loc="369" ncloc="336" classes="1" methods="5" coveredmethods="2" conditionals="0" coveredconditionals="0" statements="163" coveredstatements="151" elements="168" coveredelements="153"/>
    </file>
    <file name="/Users/anthony/Developpement/Xpression/src/QueryStringParser.php">
      <class name="Symftony\Xpression\QueryStringParser" namespace="global">
        <metrics complexity="3" methods="2" coveredmethods="2" conditionals="0" coveredconditionals="0" statements="8" coveredstatements="8" elements="10" coveredelements="10"/>
      </class>
      <line num="9" type="method" name="correctServerQueryString" visibility="public" complexity="2" crap="2" count="23"/>
      <line num="11" type="stmt" count="23"/>
      <line num="12" type="stmt" count="23"/>
      <line num="13" type="stmt" count="23"/>
      <line num="20" type="method" name="encodeXpression" visibility="public" complexity="1" crap="1" count="23"/>
      <line num="22" type="stmt" count="23"/>
      <line num="23" type="stmt" count="23"/>
      <line num="24" type="stmt" count="23"/>
      <line num="25" type="stmt" count="23"/>
      <line num="26" type="stmt" count="23"/>
      <metrics loc="29" ncloc="26" classes="1" methods="2" coveredmethods="2" conditionals="0" coveredconditionals="0" statements="8" coveredstatements="8" elements="10" coveredelements="10"/>
    </file>
    <metrics files="10" loc="1585" ncloc="1480" classes="9" methods="131" coveredmethods="125" conditionals="0" coveredconditionals="0" statements="497" coveredstatements="481" elements="628" coveredelements="606"/>
  </project>
</coverage>
