<?xml version="1.0" encoding="UTF-8"?>
<testsuites>
  <testsuite name="" tests="434" assertions="596" errors="0" warnings="0" failures="0" skipped="0" time="0.991327">
    <testsuite name="default" tests="434" assertions="596" errors="0" warnings="0" failures="0" skipped="0" time="0.991327">
      <testsuite name="Tests\Symftony\Xpression\Bridge\Doctrine\Common\ExpressionBuilderAdapterTest" file="/Users/anthony/Developpement/Xpression/tests/Bridge/Doctrine/Common/ExpressionBuilderAdapterTest.php" tests="18" assertions="22" errors="0" warnings="0" failures="0" skipped="0" time="0.017051">
        <testcase name="testParameter" class="Tests\Symftony\Xpression\Bridge\Doctrine\Common\ExpressionBuilderAdapterTest" classname="Tests.Symftony.Xpression.Bridge.Doctrine.Common.ExpressionBuilderAdapterTest" file="/Users/anthony/Developpement/Xpression/tests/Bridge/Doctrine/Common/ExpressionBuilderAdapterTest.php" line="30" assertions="1" time="0.001322"/>
        <testcase name="testString" class="Tests\Symftony\Xpression\Bridge\Doctrine\Common\ExpressionBuilderAdapterTest" classname="Tests.Symftony.Xpression.Bridge.Doctrine.Common.ExpressionBuilderAdapterTest" file="/Users/anthony/Developpement/Xpression/tests/Bridge/Doctrine/Common/ExpressionBuilderAdapterTest.php" line="35" assertions="1" time="0.000397"/>
        <testcase name="testIsNull" class="Tests\Symftony\Xpression\Bridge\Doctrine\Common\ExpressionBuilderAdapterTest" classname="Tests.Symftony.Xpression.Bridge.Doctrine.Common.ExpressionBuilderAdapterTest" file="/Users/anthony/Developpement/Xpression/tests/Bridge/Doctrine/Common/ExpressionBuilderAdapterTest.php" line="40" assertions="1" time="0.001310"/>
        <testsuite name="Tests\Symftony\Xpression\Bridge\Doctrine\Common\ExpressionBuilderAdapterTest::testEq" tests="1" assertions="1" errors="0" warnings="0" failures="0" skipped="0" time="0.000885">
          <testcase name="testEq with data set #0" class="Tests\Symftony\Xpression\Bridge\Doctrine\Common\ExpressionBuilderAdapterTest" classname="Tests.Symftony.Xpression.Bridge.Doctrine.Common.ExpressionBuilderAdapterTest" file="/Users/anthony/Developpement/Xpression/tests/Bridge/Doctrine/Common/ExpressionBuilderAdapterTest.php" line="63" assertions="1" time="0.000885"/>
        </testsuite>
        <testsuite name="Tests\Symftony\Xpression\Bridge\Doctrine\Common\ExpressionBuilderAdapterTest::testNeq" tests="1" assertions="1" errors="0" warnings="0" failures="0" skipped="0" time="0.000895">
          <testcase name="testNeq with data set #0" class="Tests\Symftony\Xpression\Bridge\Doctrine\Common\ExpressionBuilderAdapterTest" classname="Tests.Symftony.Xpression.Bridge.Doctrine.Common.ExpressionBuilderAdapterTest" file="/Users/anthony/Developpement/Xpression/tests/Bridge/Doctrine/Common/ExpressionBuilderAdapterTest.php" line="74" assertions="1" time="0.000895"/>
        </testsuite>
        <testsuite name="Tests\Symftony\Xpression\Bridge\Doctrine\Common\ExpressionBuilderAdapterTest::testGt" tests="1" assertions="1" errors="0" warnings="0" failures="0" skipped="0" time="0.000889">
          <testcase name="testGt with data set #0" class="Tests\Symftony\Xpression\Bridge\Doctrine\Common\ExpressionBuilderAdapterTest" classname="Tests.Symftony.Xpression.Bridge.Doctrine.Common.ExpressionBuilderAdapterTest" file="/Users/anthony/Developpement/Xpression/tests/Bridge/Doctrine/Common/ExpressionBuilderAdapterTest.php" line="85" assertions="1" time="0.000889"/>
        </testsuite>
        <testsuite name="Tests\Symftony\Xpression\Bridge\Doctrine\Common\ExpressionBuilderAdapterTest::testGte" tests="1" assertions="1" errors="0" warnings="0" failures="0" skipped="0" time="0.000919">
          <testcase name="testGte with data set #0" class="Tests\Symftony\Xpression\Bridge\Doctrine\Common\ExpressionBuilderAdapterTest" classname="Tests.Symftony.Xpression.Bridge.Doctrine.Common.ExpressionBuilderAdapterTest" file="/Users/anthony/Developpement/Xpression/tests/Bridge/Doctrine/Common/ExpressionBuilderAdapterTest.php" line="96" assertions="1" time="0.000919"/>
        </testsuite>
        <testsuite name="Tests\Symftony\Xpression\Bridge\Doctrine\Common\ExpressionBuilderAdapterTest::testLt" tests="1" assertions="1" errors="0" warnings="0" failures="0" skipped="0" time="0.001111">
          <testcase name="testLt with data set #0" class="Tests\Symftony\Xpression\Bridge\Doctrine\Common\ExpressionBuilderAdapterTest" classname="Tests.Symftony.Xpression.Bridge.Doctrine.Common.ExpressionBuilderAdapterTest" file="/Users/anthony/Developpement/Xpression/tests/Bridge/Doctrine/Common/ExpressionBuilderAdapterTest.php" line="107" assertions="1" time="0.001111"/>
        </testsuite>
        <testsuite name="Tests\Symftony\Xpression\Bridge\Doctrine\Common\ExpressionBuilderAdapterTest::testLte" tests="1" assertions="1" errors="0" warnings="0" failures="0" skipped="0" time="0.000941">
          <testcase name="testLte with data set #0" class="Tests\Symftony\Xpression\Bridge\Doctrine\Common\ExpressionBuilderAdapterTest" classname="Tests.Symftony.Xpression.Bridge.Doctrine.Common.ExpressionBuilderAdapterTest" file="/Users/anthony/Developpement/Xpression/tests/Bridge/Doctrine/Common/ExpressionBuilderAdapterTest.php" line="118" assertions="1" time="0.000941"/>
        </testsuite>
        <testsuite name="Tests\Symftony\Xpression\Bridge\Doctrine\Common\ExpressionBuilderAdapterTest::testIn" tests="1" assertions="1" errors="0" warnings="0" failures="0" skipped="0" time="0.000966">
          <testcase name="testIn with data set #0" class="Tests\Symftony\Xpression\Bridge\Doctrine\Common\ExpressionBuilderAdapterTest" classname="Tests.Symftony.Xpression.Bridge.Doctrine.Common.ExpressionBuilderAdapterTest" file="/Users/anthony/Developpement/Xpression/tests/Bridge/Doctrine/Common/ExpressionBuilderAdapterTest.php" line="129" assertions="1" time="0.000966"/>
        </testsuite>
        <testsuite name="Tests\Symftony\Xpression\Bridge\Doctrine\Common\ExpressionBuilderAdapterTest::testNotIn" tests="1" assertions="1" errors="0" warnings="0" failures="0" skipped="0" time="0.000958">
          <testcase name="testNotIn with data set #0" class="Tests\Symftony\Xpression\Bridge\Doctrine\Common\ExpressionBuilderAdapterTest" classname="Tests.Symftony.Xpression.Bridge.Doctrine.Common.ExpressionBuilderAdapterTest" file="/Users/anthony/Developpement/Xpression/tests/Bridge/Doctrine/Common/ExpressionBuilderAdapterTest.php" line="140" assertions="1" time="0.000958"/>
        </testsuite>
        <testsuite name="Tests\Symftony\Xpression\Bridge\Doctrine\Common\ExpressionBuilderAdapterTest::testContains" tests="1" assertions="1" errors="0" warnings="0" failures="0" skipped="0" time="0.000897">
          <testcase name="testContains with data set #0" class="Tests\Symftony\Xpression\Bridge\Doctrine\Common\ExpressionBuilderAdapterTest" classname="Tests.Symftony.Xpression.Bridge.Doctrine.Common.ExpressionBuilderAdapterTest" file="/Users/anthony/Developpement/Xpression/tests/Bridge/Doctrine/Common/ExpressionBuilderAdapterTest.php" line="151" assertions="1" time="0.000897"/>
        </testsuite>
        <testsuite name="Tests\Symftony\Xpression\Bridge\Doctrine\Common\ExpressionBuilderAdapterTest::testNotContains" tests="1" assertions="2" errors="0" warnings="0" failures="0" skipped="0" time="0.001335">
          <testcase name="testNotContains with data set #0" class="Tests\Symftony\Xpression\Bridge\Doctrine\Common\ExpressionBuilderAdapterTest" classname="Tests.Symftony.Xpression.Bridge.Doctrine.Common.ExpressionBuilderAdapterTest" file="/Users/anthony/Developpement/Xpression/tests/Bridge/Doctrine/Common/ExpressionBuilderAdapterTest.php" line="170" assertions="2" time="0.001335"/>
        </testsuite>
        <testsuite name="Tests\Symftony\Xpression\Bridge\Doctrine\Common\ExpressionBuilderAdapterTest::testAndX" tests="1" assertions="1" errors="0" warnings="0" failures="0" skipped="0" time="0.001423">
          <testcase name="testAndX with data set #0" class="Tests\Symftony\Xpression\Bridge\Doctrine\Common\ExpressionBuilderAdapterTest" classname="Tests.Symftony.Xpression.Bridge.Doctrine.Common.ExpressionBuilderAdapterTest" file="/Users/anthony/Developpement/Xpression/tests/Bridge/Doctrine/Common/ExpressionBuilderAdapterTest.php" line="194" assertions="1" time="0.001423"/>
        </testsuite>
        <testsuite name="Tests\Symftony\Xpression\Bridge\Doctrine\Common\ExpressionBuilderAdapterTest::testNandX" tests="1" assertions="2" errors="0" warnings="0" failures="0" skipped="0" time="0.000714">
          <testcase name="testNandX with data set #0" class="Tests\Symftony\Xpression\Bridge\Doctrine\Common\ExpressionBuilderAdapterTest" classname="Tests.Symftony.Xpression.Bridge.Doctrine.Common.ExpressionBuilderAdapterTest" file="/Users/anthony/Developpement/Xpression/tests/Bridge/Doctrine/Common/ExpressionBuilderAdapterTest.php" line="205" assertions="2" time="0.000714"/>
        </testsuite>
        <testsuite name="Tests\Symftony\Xpression\Bridge\Doctrine\Common\ExpressionBuilderAdapterTest::testOrX" tests="1" assertions="1" errors="0" warnings="0" failures="0" skipped="0" time="0.001002">
          <testcase name="testOrX with data set #0" class="Tests\Symftony\Xpression\Bridge\Doctrine\Common\ExpressionBuilderAdapterTest" classname="Tests.Symftony.Xpression.Bridge.Doctrine.Common.ExpressionBuilderAdapterTest" file="/Users/anthony/Developpement/Xpression/tests/Bridge/Doctrine/Common/ExpressionBuilderAdapterTest.php" line="215" assertions="1" time="0.001002"/>
        </testsuite>
        <testsuite name="Tests\Symftony\Xpression\Bridge\Doctrine\Common\ExpressionBuilderAdapterTest::testNorX" tests="1" assertions="2" errors="0" warnings="0" failures="0" skipped="0" time="0.000542">
          <testcase name="testNorX with data set #0" class="Tests\Symftony\Xpression\Bridge\Doctrine\Common\ExpressionBuilderAdapterTest" classname="Tests.Symftony.Xpression.Bridge.Doctrine.Common.ExpressionBuilderAdapterTest" file="/Users/anthony/Developpement/Xpression/tests/Bridge/Doctrine/Common/ExpressionBuilderAdapterTest.php" line="226" assertions="2" time="0.000542"/>
        </testsuite>
        <testsuite name="Tests\Symftony\Xpression\Bridge\Doctrine\Common\ExpressionBuilderAdapterTest::testXorX" tests="1" assertions="2" errors="0" warnings="0" failures="0" skipped="0" time="0.000546">
          <testcase name="testXorX with data set #0" class="Tests\Symftony\Xpression\Bridge\Doctrine\Common\ExpressionBuilderAdapterTest" classname="Tests.Symftony.Xpression.Bridge.Doctrine.Common.ExpressionBuilderAdapterTest" file="/Users/anthony/Developpement/Xpression/tests/Bridge/Doctrine/Common/ExpressionBuilderAdapterTest.php" line="236" assertions="2" time="0.000546"/>
        </testsuite>
      </testsuite>
      <testsuite name="Tests\Symftony\Xpression\Bridge\Doctrine\Common\ParserTest" file="/Users/anthony/Developpement/Xpression/tests/Bridge/Doctrine/Common/ParserTest.php" tests="26" assertions="26" errors="0" warnings="0" failures="0" skipped="0" time="0.045105">
        <testsuite name="Tests\Symftony\Xpression\Bridge\Doctrine\Common\ParserTest::testParser" tests="18" assertions="18" errors="0" warnings="0" failures="0" skipped="0" time="0.033513">
          <testcase name="testParser with data set #0" class="Tests\Symftony\Xpression\Bridge\Doctrine\Common\ParserTest" classname="Tests.Symftony.Xpression.Bridge.Doctrine.Common.ParserTest" file="/Users/anthony/Developpement/Xpression/tests/Bridge/Doctrine/Common/ParserTest.php" line="173" assertions="1" time="0.001820"/>
          <testcase name="testParser with data set #1" class="Tests\Symftony\Xpression\Bridge\Doctrine\Common\ParserTest" classname="Tests.Symftony.Xpression.Bridge.Doctrine.Common.ParserTest" file="/Users/anthony/Developpement/Xpression/tests/Bridge/Doctrine/Common/ParserTest.php" line="173" assertions="1" time="0.001111"/>
          <testcase name="testParser with data set #2" class="Tests\Symftony\Xpression\Bridge\Doctrine\Common\ParserTest" classname="Tests.Symftony.Xpression.Bridge.Doctrine.Common.ParserTest" file="/Users/anthony/Developpement/Xpression/tests/Bridge/Doctrine/Common/ParserTest.php" line="173" assertions="1" time="0.001305"/>
          <testcase name="testParser with data set #3" class="Tests\Symftony\Xpression\Bridge\Doctrine\Common\ParserTest" classname="Tests.Symftony.Xpression.Bridge.Doctrine.Common.ParserTest" file="/Users/anthony/Developpement/Xpression/tests/Bridge/Doctrine/Common/ParserTest.php" line="173" assertions="1" time="0.001335"/>
          <testcase name="testParser with data set #4" class="Tests\Symftony\Xpression\Bridge\Doctrine\Common\ParserTest" classname="Tests.Symftony.Xpression.Bridge.Doctrine.Common.ParserTest" file="/Users/anthony/Developpement/Xpression/tests/Bridge/Doctrine/Common/ParserTest.php" line="173" assertions="1" time="0.001092"/>
          <testcase name="testParser with data set #5" class="Tests\Symftony\Xpression\Bridge\Doctrine\Common\ParserTest" classname="Tests.Symftony.Xpression.Bridge.Doctrine.Common.ParserTest" file="/Users/anthony/Developpement/Xpression/tests/Bridge/Doctrine/Common/ParserTest.php" line="173" assertions="1" time="0.001071"/>
          <testcase name="testParser with data set #6" class="Tests\Symftony\Xpression\Bridge\Doctrine\Common\ParserTest" classname="Tests.Symftony.Xpression.Bridge.Doctrine.Common.ParserTest" file="/Users/anthony/Developpement/Xpression/tests/Bridge/Doctrine/Common/ParserTest.php" line="173" assertions="1" time="0.001147"/>
          <testcase name="testParser with data set #7" class="Tests\Symftony\Xpression\Bridge\Doctrine\Common\ParserTest" classname="Tests.Symftony.Xpression.Bridge.Doctrine.Common.ParserTest" file="/Users/anthony/Developpement/Xpression/tests/Bridge/Doctrine/Common/ParserTest.php" line="173" assertions="1" time="0.001148"/>
          <testcase name="testParser with data set #8" class="Tests\Symftony\Xpression\Bridge\Doctrine\Common\ParserTest" classname="Tests.Symftony.Xpression.Bridge.Doctrine.Common.ParserTest" file="/Users/anthony/Developpement/Xpression/tests/Bridge/Doctrine/Common/ParserTest.php" line="173" assertions="1" time="0.001595"/>
          <testcase name="testParser with data set #9" class="Tests\Symftony\Xpression\Bridge\Doctrine\Common\ParserTest" classname="Tests.Symftony.Xpression.Bridge.Doctrine.Common.ParserTest" file="/Users/anthony/Developpement/Xpression/tests/Bridge/Doctrine/Common/ParserTest.php" line="173" assertions="1" time="0.001304"/>
          <testcase name="testParser with data set #10" class="Tests\Symftony\Xpression\Bridge\Doctrine\Common\ParserTest" classname="Tests.Symftony.Xpression.Bridge.Doctrine.Common.ParserTest" file="/Users/anthony/Developpement/Xpression/tests/Bridge/Doctrine/Common/ParserTest.php" line="173" assertions="1" time="0.002276"/>
          <testcase name="testParser with data set #11" class="Tests\Symftony\Xpression\Bridge\Doctrine\Common\ParserTest" classname="Tests.Symftony.Xpression.Bridge.Doctrine.Common.ParserTest" file="/Users/anthony/Developpement/Xpression/tests/Bridge/Doctrine/Common/ParserTest.php" line="173" assertions="1" time="0.002123"/>
          <testcase name="testParser with data set #12" class="Tests\Symftony\Xpression\Bridge\Doctrine\Common\ParserTest" classname="Tests.Symftony.Xpression.Bridge.Doctrine.Common.ParserTest" file="/Users/anthony/Developpement/Xpression/tests/Bridge/Doctrine/Common/ParserTest.php" line="173" assertions="1" time="0.003046"/>
          <testcase name="testParser with data set #13" class="Tests\Symftony\Xpression\Bridge\Doctrine\Common\ParserTest" classname="Tests.Symftony.Xpression.Bridge.Doctrine.Common.ParserTest" file="/Users/anthony/Developpement/Xpression/tests/Bridge/Doctrine/Common/ParserTest.php" line="173" assertions="1" time="0.003340"/>
          <testcase name="testParser with data set #14" class="Tests\Symftony\Xpression\Bridge\Doctrine\Common\ParserTest" classname="Tests.Symftony.Xpression.Bridge.Doctrine.Common.ParserTest" file="/Users/anthony/Developpement/Xpression/tests/Bridge/Doctrine/Common/ParserTest.php" line="173" assertions="1" time="0.003095"/>
          <testcase name="testParser with data set #15" class="Tests\Symftony\Xpression\Bridge\Doctrine\Common\ParserTest" classname="Tests.Symftony.Xpression.Bridge.Doctrine.Common.ParserTest" file="/Users/anthony/Developpement/Xpression/tests/Bridge/Doctrine/Common/ParserTest.php" line="173" assertions="1" time="0.001148"/>
          <testcase name="testParser with data set #16" class="Tests\Symftony\Xpression\Bridge\Doctrine\Common\ParserTest" classname="Tests.Symftony.Xpression.Bridge.Doctrine.Common.ParserTest" file="/Users/anthony/Developpement/Xpression/tests/Bridge/Doctrine/Common/ParserTest.php" line="173" assertions="1" time="0.002981"/>
          <testcase name="testParser with data set #17" class="Tests\Symftony\Xpression\Bridge\Doctrine\Common\ParserTest" classname="Tests.Symftony.Xpression.Bridge.Doctrine.Common.ParserTest" file="/Users/anthony/Developpement/Xpression/tests/Bridge/Doctrine/Common/ParserTest.php" line="173" assertions="1" time="0.002577"/>
        </testsuite>
        <testsuite name="Tests\Symftony\Xpression\Bridge\Doctrine\Common\ParserTest::testParserThrowUnsupportedExpressionTypeException" tests="8" assertions="8" errors="0" warnings="0" failures="0" skipped="0" time="0.011592">
          <testcase name="testParserThrowUnsupportedExpressionTypeException with data set #0" class="Tests\Symftony\Xpression\Bridge\Doctrine\Common\ParserTest" classname="Tests.Symftony.Xpression.Bridge.Doctrine.Common.ParserTest" file="/Users/anthony/Developpement/Xpression/tests/Bridge/Doctrine/Common/ParserTest.php" line="199" assertions="1" time="0.002473"/>
          <testcase name="testParserThrowUnsupportedExpressionTypeException with data set #1" class="Tests\Symftony\Xpression\Bridge\Doctrine\Common\ParserTest" classname="Tests.Symftony.Xpression.Bridge.Doctrine.Common.ParserTest" file="/Users/anthony/Developpement/Xpression/tests/Bridge/Doctrine/Common/ParserTest.php" line="199" assertions="1" time="0.001388"/>
          <testcase name="testParserThrowUnsupportedExpressionTypeException with data set #2" class="Tests\Symftony\Xpression\Bridge\Doctrine\Common\ParserTest" classname="Tests.Symftony.Xpression.Bridge.Doctrine.Common.ParserTest" file="/Users/anthony/Developpement/Xpression/tests/Bridge/Doctrine/Common/ParserTest.php" line="199" assertions="1" time="0.001219"/>
          <testcase name="testParserThrowUnsupportedExpressionTypeException with data set #3" class="Tests\Symftony\Xpression\Bridge\Doctrine\Common\ParserTest" classname="Tests.Symftony.Xpression.Bridge.Doctrine.Common.ParserTest" file="/Users/anthony/Developpement/Xpression/tests/Bridge/Doctrine/Common/ParserTest.php" line="199" assertions="1" time="0.001433"/>
          <testcase name="testParserThrowUnsupportedExpressionTypeException with data set #4" class="Tests\Symftony\Xpression\Bridge\Doctrine\Common\ParserTest" classname="Tests.Symftony.Xpression.Bridge.Doctrine.Common.ParserTest" file="/Users/anthony/Developpement/Xpression/tests/Bridge/Doctrine/Common/ParserTest.php" line="199" assertions="1" time="0.001308"/>
          <testcase name="testParserThrowUnsupportedExpressionTypeException with data set #5" class="Tests\Symftony\Xpression\Bridge\Doctrine\Common\ParserTest" classname="Tests.Symftony.Xpression.Bridge.Doctrine.Common.ParserTest" file="/Users/anthony/Developpement/Xpression/tests/Bridge/Doctrine/Common/ParserTest.php" line="199" assertions="1" time="0.001295"/>
          <testcase name="testParserThrowUnsupportedExpressionTypeException with data set #6" class="Tests\Symftony\Xpression\Bridge\Doctrine\Common\ParserTest" classname="Tests.Symftony.Xpression.Bridge.Doctrine.Common.ParserTest" file="/Users/anthony/Developpement/Xpression/tests/Bridge/Doctrine/Common/ParserTest.php" line="199" assertions="1" time="0.001245"/>
          <testcase name="testParserThrowUnsupportedExpressionTypeException with data set #7" class="Tests\Symftony\Xpression\Bridge\Doctrine\Common\ParserTest" classname="Tests.Symftony.Xpression.Bridge.Doctrine.Common.ParserTest" file="/Users/anthony/Developpement/Xpression/tests/Bridge/Doctrine/Common/ParserTest.php" line="199" assertions="1" time="0.001230"/>
        </testsuite>
      </testsuite>
      <testsuite name="Tests\Symftony\Xpression\Bridge\Doctrine\ORM\ExprAdapterTest" file="/Users/anthony/Developpement/Xpression/tests/Bridge/Doctrine/ORM/ExprAdapterTest.php" tests="31" assertions="43" errors="0" warnings="0" failures="0" skipped="0" time="0.028367">
        <testcase name="testIsNull" class="Tests\Symftony\Xpression\Bridge\Doctrine\ORM\ExprAdapterTest" classname="Tests.Symftony.Xpression.Bridge.Doctrine.ORM.ExprAdapterTest" file="/Users/anthony/Developpement/Xpression/tests/Bridge/Doctrine/ORM/ExprAdapterTest.php" line="29" assertions="1" time="0.001098"/>
        <testsuite name="Tests\Symftony\Xpression\Bridge\Doctrine\ORM\ExprAdapterTest::testEq" tests="1" assertions="1" errors="0" warnings="0" failures="0" skipped="0" time="0.001003">
          <testcase name="testEq with data set #0" class="Tests\Symftony\Xpression\Bridge\Doctrine\ORM\ExprAdapterTest" classname="Tests.Symftony.Xpression.Bridge.Doctrine.ORM.ExprAdapterTest" file="/Users/anthony/Developpement/Xpression/tests/Bridge/Doctrine/ORM/ExprAdapterTest.php" line="47" assertions="1" time="0.001003"/>
        </testsuite>
        <testsuite name="Tests\Symftony\Xpression\Bridge\Doctrine\ORM\ExprAdapterTest::testNeq" tests="1" assertions="1" errors="0" warnings="0" failures="0" skipped="0" time="0.000930">
          <testcase name="testNeq with data set #0" class="Tests\Symftony\Xpression\Bridge\Doctrine\ORM\ExprAdapterTest" classname="Tests.Symftony.Xpression.Bridge.Doctrine.ORM.ExprAdapterTest" file="/Users/anthony/Developpement/Xpression/tests/Bridge/Doctrine/ORM/ExprAdapterTest.php" line="58" assertions="1" time="0.000930"/>
        </testsuite>
        <testsuite name="Tests\Symftony\Xpression\Bridge\Doctrine\ORM\ExprAdapterTest::testGt" tests="1" assertions="1" errors="0" warnings="0" failures="0" skipped="0" time="0.000870">
          <testcase name="testGt with data set #0" class="Tests\Symftony\Xpression\Bridge\Doctrine\ORM\ExprAdapterTest" classname="Tests.Symftony.Xpression.Bridge.Doctrine.ORM.ExprAdapterTest" file="/Users/anthony/Developpement/Xpression/tests/Bridge/Doctrine/ORM/ExprAdapterTest.php" line="69" assertions="1" time="0.000870"/>
        </testsuite>
        <testsuite name="Tests\Symftony\Xpression\Bridge\Doctrine\ORM\ExprAdapterTest::testGte" tests="1" assertions="1" errors="0" warnings="0" failures="0" skipped="0" time="0.000843">
          <testcase name="testGte with data set #0" class="Tests\Symftony\Xpression\Bridge\Doctrine\ORM\ExprAdapterTest" classname="Tests.Symftony.Xpression.Bridge.Doctrine.ORM.ExprAdapterTest" file="/Users/anthony/Developpement/Xpression/tests/Bridge/Doctrine/ORM/ExprAdapterTest.php" line="80" assertions="1" time="0.000843"/>
        </testsuite>
        <testsuite name="Tests\Symftony\Xpression\Bridge\Doctrine\ORM\ExprAdapterTest::testLt" tests="1" assertions="1" errors="0" warnings="0" failures="0" skipped="0" time="0.000836">
          <testcase name="testLt with data set #0" class="Tests\Symftony\Xpression\Bridge\Doctrine\ORM\ExprAdapterTest" classname="Tests.Symftony.Xpression.Bridge.Doctrine.ORM.ExprAdapterTest" file="/Users/anthony/Developpement/Xpression/tests/Bridge/Doctrine/ORM/ExprAdapterTest.php" line="91" assertions="1" time="0.000836"/>
        </testsuite>
        <testsuite name="Tests\Symftony\Xpression\Bridge\Doctrine\ORM\ExprAdapterTest::testLte" tests="1" assertions="1" errors="0" warnings="0" failures="0" skipped="0" time="0.000823">
          <testcase name="testLte with data set #0" class="Tests\Symftony\Xpression\Bridge\Doctrine\ORM\ExprAdapterTest" classname="Tests.Symftony.Xpression.Bridge.Doctrine.ORM.ExprAdapterTest" file="/Users/anthony/Developpement/Xpression/tests/Bridge/Doctrine/ORM/ExprAdapterTest.php" line="102" assertions="1" time="0.000823"/>
        </testsuite>
        <testsuite name="Tests\Symftony\Xpression\Bridge\Doctrine\ORM\ExprAdapterTest::testIn" tests="1" assertions="1" errors="0" warnings="0" failures="0" skipped="0" time="0.000841">
          <testcase name="testIn with data set #0" class="Tests\Symftony\Xpression\Bridge\Doctrine\ORM\ExprAdapterTest" classname="Tests.Symftony.Xpression.Bridge.Doctrine.ORM.ExprAdapterTest" file="/Users/anthony/Developpement/Xpression/tests/Bridge/Doctrine/ORM/ExprAdapterTest.php" line="113" assertions="1" time="0.000841"/>
        </testsuite>
        <testsuite name="Tests\Symftony\Xpression\Bridge\Doctrine\ORM\ExprAdapterTest::testNotIn" tests="1" assertions="1" errors="0" warnings="0" failures="0" skipped="0" time="0.001010">
          <testcase name="testNotIn with data set #0" class="Tests\Symftony\Xpression\Bridge\Doctrine\ORM\ExprAdapterTest" classname="Tests.Symftony.Xpression.Bridge.Doctrine.ORM.ExprAdapterTest" file="/Users/anthony/Developpement/Xpression/tests/Bridge/Doctrine/ORM/ExprAdapterTest.php" line="124" assertions="1" time="0.001010"/>
        </testsuite>
        <testsuite name="Tests\Symftony\Xpression\Bridge\Doctrine\ORM\ExprAdapterTest::testContains" tests="1" assertions="1" errors="0" warnings="0" failures="0" skipped="0" time="0.001129">
          <testcase name="testContains with data set #0" class="Tests\Symftony\Xpression\Bridge\Doctrine\ORM\ExprAdapterTest" classname="Tests.Symftony.Xpression.Bridge.Doctrine.ORM.ExprAdapterTest" file="/Users/anthony/Developpement/Xpression/tests/Bridge/Doctrine/ORM/ExprAdapterTest.php" line="135" assertions="1" time="0.001129"/>
        </testsuite>
        <testsuite name="Tests\Symftony\Xpression\Bridge\Doctrine\ORM\ExprAdapterTest::testNotContains" tests="1" assertions="1" errors="0" warnings="0" failures="0" skipped="0" time="0.000882">
          <testcase name="testNotContains with data set #0" class="Tests\Symftony\Xpression\Bridge\Doctrine\ORM\ExprAdapterTest" classname="Tests.Symftony.Xpression.Bridge.Doctrine.ORM.ExprAdapterTest" file="/Users/anthony/Developpement/Xpression/tests/Bridge/Doctrine/ORM/ExprAdapterTest.php" line="146" assertions="1" time="0.000882"/>
        </testsuite>
        <testsuite name="Tests\Symftony\Xpression\Bridge\Doctrine\ORM\ExprAdapterTest::testAndX" tests="4" assertions="4" errors="0" warnings="0" failures="0" skipped="0" time="0.005208">
          <testcase name="testAndX with data set #0" class="Tests\Symftony\Xpression\Bridge\Doctrine\ORM\ExprAdapterTest" classname="Tests.Symftony.Xpression.Bridge.Doctrine.ORM.ExprAdapterTest" file="/Users/anthony/Developpement/Xpression/tests/Bridge/Doctrine/ORM/ExprAdapterTest.php" line="190" assertions="1" time="0.001310"/>
          <testcase name="testAndX with data set #1" class="Tests\Symftony\Xpression\Bridge\Doctrine\ORM\ExprAdapterTest" classname="Tests.Symftony.Xpression.Bridge.Doctrine.ORM.ExprAdapterTest" file="/Users/anthony/Developpement/Xpression/tests/Bridge/Doctrine/ORM/ExprAdapterTest.php" line="190" assertions="1" time="0.001283"/>
          <testcase name="testAndX with data set #2" class="Tests\Symftony\Xpression\Bridge\Doctrine\ORM\ExprAdapterTest" classname="Tests.Symftony.Xpression.Bridge.Doctrine.ORM.ExprAdapterTest" file="/Users/anthony/Developpement/Xpression/tests/Bridge/Doctrine/ORM/ExprAdapterTest.php" line="190" assertions="1" time="0.001340"/>
          <testcase name="testAndX with data set #3" class="Tests\Symftony\Xpression\Bridge\Doctrine\ORM\ExprAdapterTest" classname="Tests.Symftony.Xpression.Bridge.Doctrine.ORM.ExprAdapterTest" file="/Users/anthony/Developpement/Xpression/tests/Bridge/Doctrine/ORM/ExprAdapterTest.php" line="190" assertions="1" time="0.001276"/>
        </testsuite>
        <testsuite name="Tests\Symftony\Xpression\Bridge\Doctrine\ORM\ExprAdapterTest::testNandX" tests="4" assertions="8" errors="0" warnings="0" failures="0" skipped="0" time="0.002763">
          <testcase name="testNandX with data set #0" class="Tests\Symftony\Xpression\Bridge\Doctrine\ORM\ExprAdapterTest" classname="Tests.Symftony.Xpression.Bridge.Doctrine.ORM.ExprAdapterTest" file="/Users/anthony/Developpement/Xpression/tests/Bridge/Doctrine/ORM/ExprAdapterTest.php" line="203" assertions="2" time="0.000870"/>
          <testcase name="testNandX with data set #1" class="Tests\Symftony\Xpression\Bridge\Doctrine\ORM\ExprAdapterTest" classname="Tests.Symftony.Xpression.Bridge.Doctrine.ORM.ExprAdapterTest" file="/Users/anthony/Developpement/Xpression/tests/Bridge/Doctrine/ORM/ExprAdapterTest.php" line="203" assertions="2" time="0.000623"/>
          <testcase name="testNandX with data set #2" class="Tests\Symftony\Xpression\Bridge\Doctrine\ORM\ExprAdapterTest" classname="Tests.Symftony.Xpression.Bridge.Doctrine.ORM.ExprAdapterTest" file="/Users/anthony/Developpement/Xpression/tests/Bridge/Doctrine/ORM/ExprAdapterTest.php" line="203" assertions="2" time="0.000673"/>
          <testcase name="testNandX with data set #3" class="Tests\Symftony\Xpression\Bridge\Doctrine\ORM\ExprAdapterTest" classname="Tests.Symftony.Xpression.Bridge.Doctrine.ORM.ExprAdapterTest" file="/Users/anthony/Developpement/Xpression/tests/Bridge/Doctrine/ORM/ExprAdapterTest.php" line="203" assertions="2" time="0.000598"/>
        </testsuite>
        <testsuite name="Tests\Symftony\Xpression\Bridge\Doctrine\ORM\ExprAdapterTest::testOrX" tests="4" assertions="4" errors="0" warnings="0" failures="0" skipped="0" time="0.005336">
          <testcase name="testOrX with data set #0" class="Tests\Symftony\Xpression\Bridge\Doctrine\ORM\ExprAdapterTest" classname="Tests.Symftony.Xpression.Bridge.Doctrine.ORM.ExprAdapterTest" file="/Users/anthony/Developpement/Xpression/tests/Bridge/Doctrine/ORM/ExprAdapterTest.php" line="215" assertions="1" time="0.001516"/>
          <testcase name="testOrX with data set #1" class="Tests\Symftony\Xpression\Bridge\Doctrine\ORM\ExprAdapterTest" classname="Tests.Symftony.Xpression.Bridge.Doctrine.ORM.ExprAdapterTest" file="/Users/anthony/Developpement/Xpression/tests/Bridge/Doctrine/ORM/ExprAdapterTest.php" line="215" assertions="1" time="0.001258"/>
          <testcase name="testOrX with data set #2" class="Tests\Symftony\Xpression\Bridge\Doctrine\ORM\ExprAdapterTest" classname="Tests.Symftony.Xpression.Bridge.Doctrine.ORM.ExprAdapterTest" file="/Users/anthony/Developpement/Xpression/tests/Bridge/Doctrine/ORM/ExprAdapterTest.php" line="215" assertions="1" time="0.001262"/>
          <testcase name="testOrX with data set #3" class="Tests\Symftony\Xpression\Bridge\Doctrine\ORM\ExprAdapterTest" classname="Tests.Symftony.Xpression.Bridge.Doctrine.ORM.ExprAdapterTest" file="/Users/anthony/Developpement/Xpression/tests/Bridge/Doctrine/ORM/ExprAdapterTest.php" line="215" assertions="1" time="0.001301"/>
        </testsuite>
        <testsuite name="Tests\Symftony\Xpression\Bridge\Doctrine\ORM\ExprAdapterTest::testNorX" tests="4" assertions="8" errors="0" warnings="0" failures="0" skipped="0" time="0.002398">
          <testcase name="testNorX with data set #0" class="Tests\Symftony\Xpression\Bridge\Doctrine\ORM\ExprAdapterTest" classname="Tests.Symftony.Xpression.Bridge.Doctrine.ORM.ExprAdapterTest" file="/Users/anthony/Developpement/Xpression/tests/Bridge/Doctrine/ORM/ExprAdapterTest.php" line="228" assertions="2" time="0.000582"/>
          <testcase name="testNorX with data set #1" class="Tests\Symftony\Xpression\Bridge\Doctrine\ORM\ExprAdapterTest" classname="Tests.Symftony.Xpression.Bridge.Doctrine.ORM.ExprAdapterTest" file="/Users/anthony/Developpement/Xpression/tests/Bridge/Doctrine/ORM/ExprAdapterTest.php" line="228" assertions="2" time="0.000630"/>
          <testcase name="testNorX with data set #2" class="Tests\Symftony\Xpression\Bridge\Doctrine\ORM\ExprAdapterTest" classname="Tests.Symftony.Xpression.Bridge.Doctrine.ORM.ExprAdapterTest" file="/Users/anthony/Developpement/Xpression/tests/Bridge/Doctrine/ORM/ExprAdapterTest.php" line="228" assertions="2" time="0.000641"/>
          <testcase name="testNorX with data set #3" class="Tests\Symftony\Xpression\Bridge\Doctrine\ORM\ExprAdapterTest" classname="Tests.Symftony.Xpression.Bridge.Doctrine.ORM.ExprAdapterTest" file="/Users/anthony/Developpement/Xpression/tests/Bridge/Doctrine/ORM/ExprAdapterTest.php" line="228" assertions="2" time="0.000546"/>
        </testsuite>
        <testsuite name="Tests\Symftony\Xpression\Bridge\Doctrine\ORM\ExprAdapterTest::testXorX" tests="4" assertions="8" errors="0" warnings="0" failures="0" skipped="0" time="0.002394">
          <testcase name="testXorX with data set #0" class="Tests\Symftony\Xpression\Bridge\Doctrine\ORM\ExprAdapterTest" classname="Tests.Symftony.Xpression.Bridge.Doctrine.ORM.ExprAdapterTest" file="/Users/anthony/Developpement/Xpression/tests/Bridge/Doctrine/ORM/ExprAdapterTest.php" line="240" assertions="2" time="0.000723"/>
          <testcase name="testXorX with data set #1" class="Tests\Symftony\Xpression\Bridge\Doctrine\ORM\ExprAdapterTest" classname="Tests.Symftony.Xpression.Bridge.Doctrine.ORM.ExprAdapterTest" file="/Users/anthony/Developpement/Xpression/tests/Bridge/Doctrine/ORM/ExprAdapterTest.php" line="240" assertions="2" time="0.000537"/>
          <testcase name="testXorX with data set #2" class="Tests\Symftony\Xpression\Bridge\Doctrine\ORM\ExprAdapterTest" classname="Tests.Symftony.Xpression.Bridge.Doctrine.ORM.ExprAdapterTest" file="/Users/anthony/Developpement/Xpression/tests/Bridge/Doctrine/ORM/ExprAdapterTest.php" line="240" assertions="2" time="0.000519"/>
          <testcase name="testXorX with data set #3" class="Tests\Symftony\Xpression\Bridge\Doctrine\ORM\ExprAdapterTest" classname="Tests.Symftony.Xpression.Bridge.Doctrine.ORM.ExprAdapterTest" file="/Users/anthony/Developpement/Xpression/tests/Bridge/Doctrine/ORM/ExprAdapterTest.php" line="240" assertions="2" time="0.000616"/>
        </testsuite>
      </testsuite>
      <testsuite name="Tests\Symftony\Xpression\Bridge\Doctrine\ORM\ParserTest" file="/Users/anthony/Developpement/Xpression/tests/Bridge/Doctrine/ORM/ParserTest.php" tests="27" assertions="34" errors="0" warnings="0" failures="0" skipped="0" time="0.057026">
        <testsuite name="Tests\Symftony\Xpression\Bridge\Doctrine\ORM\ParserTest::testParser" tests="20" assertions="20" errors="0" warnings="0" failures="0" skipped="0" time="0.043558">
          <testcase name="testParser with data set #0" class="Tests\Symftony\Xpression\Bridge\Doctrine\ORM\ParserTest" classname="Tests.Symftony.Xpression.Bridge.Doctrine.ORM.ParserTest" file="/Users/anthony/Developpement/Xpression/tests/Bridge/Doctrine/ORM/ParserTest.php" line="189" assertions="1" time="0.001150"/>
          <testcase name="testParser with data set #1" class="Tests\Symftony\Xpression\Bridge\Doctrine\ORM\ParserTest" classname="Tests.Symftony.Xpression.Bridge.Doctrine.ORM.ParserTest" file="/Users/anthony/Developpement/Xpression/tests/Bridge/Doctrine/ORM/ParserTest.php" line="189" assertions="1" time="0.002176"/>
          <testcase name="testParser with data set #2" class="Tests\Symftony\Xpression\Bridge\Doctrine\ORM\ParserTest" classname="Tests.Symftony.Xpression.Bridge.Doctrine.ORM.ParserTest" file="/Users/anthony/Developpement/Xpression/tests/Bridge/Doctrine/ORM/ParserTest.php" line="189" assertions="1" time="0.001201"/>
          <testcase name="testParser with data set #3" class="Tests\Symftony\Xpression\Bridge\Doctrine\ORM\ParserTest" classname="Tests.Symftony.Xpression.Bridge.Doctrine.ORM.ParserTest" file="/Users/anthony/Developpement/Xpression/tests/Bridge/Doctrine/ORM/ParserTest.php" line="189" assertions="1" time="0.001030"/>
          <testcase name="testParser with data set #4" class="Tests\Symftony\Xpression\Bridge\Doctrine\ORM\ParserTest" classname="Tests.Symftony.Xpression.Bridge.Doctrine.ORM.ParserTest" file="/Users/anthony/Developpement/Xpression/tests/Bridge/Doctrine/ORM/ParserTest.php" line="189" assertions="1" time="0.001007"/>
          <testcase name="testParser with data set #5" class="Tests\Symftony\Xpression\Bridge\Doctrine\ORM\ParserTest" classname="Tests.Symftony.Xpression.Bridge.Doctrine.ORM.ParserTest" file="/Users/anthony/Developpement/Xpression/tests/Bridge/Doctrine/ORM/ParserTest.php" line="189" assertions="1" time="0.001060"/>
          <testcase name="testParser with data set #6" class="Tests\Symftony\Xpression\Bridge\Doctrine\ORM\ParserTest" classname="Tests.Symftony.Xpression.Bridge.Doctrine.ORM.ParserTest" file="/Users/anthony/Developpement/Xpression/tests/Bridge/Doctrine/ORM/ParserTest.php" line="189" assertions="1" time="0.001006"/>
          <testcase name="testParser with data set #7" class="Tests\Symftony\Xpression\Bridge\Doctrine\ORM\ParserTest" classname="Tests.Symftony.Xpression.Bridge.Doctrine.ORM.ParserTest" file="/Users/anthony/Developpement/Xpression/tests/Bridge/Doctrine/ORM/ParserTest.php" line="189" assertions="1" time="0.001129"/>
          <testcase name="testParser with data set #8" class="Tests\Symftony\Xpression\Bridge\Doctrine\ORM\ParserTest" classname="Tests.Symftony.Xpression.Bridge.Doctrine.ORM.ParserTest" file="/Users/anthony/Developpement/Xpression/tests/Bridge/Doctrine/ORM/ParserTest.php" line="189" assertions="1" time="0.001297"/>
          <testcase name="testParser with data set #9" class="Tests\Symftony\Xpression\Bridge\Doctrine\ORM\ParserTest" classname="Tests.Symftony.Xpression.Bridge.Doctrine.ORM.ParserTest" file="/Users/anthony/Developpement/Xpression/tests/Bridge/Doctrine/ORM/ParserTest.php" line="189" assertions="1" time="0.001127"/>
          <testcase name="testParser with data set #10" class="Tests\Symftony\Xpression\Bridge\Doctrine\ORM\ParserTest" classname="Tests.Symftony.Xpression.Bridge.Doctrine.ORM.ParserTest" file="/Users/anthony/Developpement/Xpression/tests/Bridge/Doctrine/ORM/ParserTest.php" line="189" assertions="1" time="0.001029"/>
          <testcase name="testParser with data set #11" class="Tests\Symftony\Xpression\Bridge\Doctrine\ORM\ParserTest" classname="Tests.Symftony.Xpression.Bridge.Doctrine.ORM.ParserTest" file="/Users/anthony/Developpement/Xpression/tests/Bridge/Doctrine/ORM/ParserTest.php" line="189" assertions="1" time="0.001021"/>
          <testcase name="testParser with data set #12" class="Tests\Symftony\Xpression\Bridge\Doctrine\ORM\ParserTest" classname="Tests.Symftony.Xpression.Bridge.Doctrine.ORM.ParserTest" file="/Users/anthony/Developpement/Xpression/tests/Bridge/Doctrine/ORM/ParserTest.php" line="189" assertions="1" time="0.002482"/>
          <testcase name="testParser with data set #13" class="Tests\Symftony\Xpression\Bridge\Doctrine\ORM\ParserTest" classname="Tests.Symftony.Xpression.Bridge.Doctrine.ORM.ParserTest" file="/Users/anthony/Developpement/Xpression/tests/Bridge/Doctrine/ORM/ParserTest.php" line="189" assertions="1" time="0.002667"/>
          <testcase name="testParser with data set #14" class="Tests\Symftony\Xpression\Bridge\Doctrine\ORM\ParserTest" classname="Tests.Symftony.Xpression.Bridge.Doctrine.ORM.ParserTest" file="/Users/anthony/Developpement/Xpression/tests/Bridge/Doctrine/ORM/ParserTest.php" line="189" assertions="1" time="0.003728"/>
          <testcase name="testParser with data set #15" class="Tests\Symftony\Xpression\Bridge\Doctrine\ORM\ParserTest" classname="Tests.Symftony.Xpression.Bridge.Doctrine.ORM.ParserTest" file="/Users/anthony/Developpement/Xpression/tests/Bridge/Doctrine/ORM/ParserTest.php" line="189" assertions="1" time="0.003795"/>
          <testcase name="testParser with data set #16" class="Tests\Symftony\Xpression\Bridge\Doctrine\ORM\ParserTest" classname="Tests.Symftony.Xpression.Bridge.Doctrine.ORM.ParserTest" file="/Users/anthony/Developpement/Xpression/tests/Bridge/Doctrine/ORM/ParserTest.php" line="189" assertions="1" time="0.004888"/>
          <testcase name="testParser with data set #17" class="Tests\Symftony\Xpression\Bridge\Doctrine\ORM\ParserTest" classname="Tests.Symftony.Xpression.Bridge.Doctrine.ORM.ParserTest" file="/Users/anthony/Developpement/Xpression/tests/Bridge/Doctrine/ORM/ParserTest.php" line="189" assertions="1" time="0.001222"/>
          <testcase name="testParser with data set #18" class="Tests\Symftony\Xpression\Bridge\Doctrine\ORM\ParserTest" classname="Tests.Symftony.Xpression.Bridge.Doctrine.ORM.ParserTest" file="/Users/anthony/Developpement/Xpression/tests/Bridge/Doctrine/ORM/ParserTest.php" line="189" assertions="1" time="0.005954"/>
          <testcase name="testParser with data set #19" class="Tests\Symftony\Xpression\Bridge\Doctrine\ORM\ParserTest" classname="Tests.Symftony.Xpression.Bridge.Doctrine.ORM.ParserTest" file="/Users/anthony/Developpement/Xpression/tests/Bridge/Doctrine/ORM/ParserTest.php" line="189" assertions="1" time="0.004590"/>
        </testsuite>
        <testsuite name="Tests\Symftony\Xpression\Bridge\Doctrine\ORM\ParserTest::testParserThrowUnsupportedExpressionTypeException" tests="7" assertions="14" errors="0" warnings="0" failures="0" skipped="0" time="0.013469">
          <testcase name="testParserThrowUnsupportedExpressionTypeException with data set #0" class="Tests\Symftony\Xpression\Bridge\Doctrine\ORM\ParserTest" classname="Tests.Symftony.Xpression.Bridge.Doctrine.ORM.ParserTest" file="/Users/anthony/Developpement/Xpression/tests/Bridge/Doctrine/ORM/ParserTest.php" line="218" assertions="2" time="0.003824"/>
          <testcase name="testParserThrowUnsupportedExpressionTypeException with data set #1" class="Tests\Symftony\Xpression\Bridge\Doctrine\ORM\ParserTest" classname="Tests.Symftony.Xpression.Bridge.Doctrine.ORM.ParserTest" file="/Users/anthony/Developpement/Xpression/tests/Bridge/Doctrine/ORM/ParserTest.php" line="218" assertions="2" time="0.001915"/>
          <testcase name="testParserThrowUnsupportedExpressionTypeException with data set #2" class="Tests\Symftony\Xpression\Bridge\Doctrine\ORM\ParserTest" classname="Tests.Symftony.Xpression.Bridge.Doctrine.ORM.ParserTest" file="/Users/anthony/Developpement/Xpression/tests/Bridge/Doctrine/ORM/ParserTest.php" line="218" assertions="2" time="0.001379"/>
          <testcase name="testParserThrowUnsupportedExpressionTypeException with data set #3" class="Tests\Symftony\Xpression\Bridge\Doctrine\ORM\ParserTest" classname="Tests.Symftony.Xpression.Bridge.Doctrine.ORM.ParserTest" file="/Users/anthony/Developpement/Xpression/tests/Bridge/Doctrine/ORM/ParserTest.php" line="218" assertions="2" time="0.001345"/>
          <testcase name="testParserThrowUnsupportedExpressionTypeException with data set #4" class="Tests\Symftony\Xpression\Bridge\Doctrine\ORM\ParserTest" classname="Tests.Symftony.Xpression.Bridge.Doctrine.ORM.ParserTest" file="/Users/anthony/Developpement/Xpression/tests/Bridge/Doctrine/ORM/ParserTest.php" line="218" assertions="2" time="0.001404"/>
          <testcase name="testParserThrowUnsupportedExpressionTypeException with data set #5" class="Tests\Symftony\Xpression\Bridge\Doctrine\ORM\ParserTest" classname="Tests.Symftony.Xpression.Bridge.Doctrine.ORM.ParserTest" file="/Users/anthony/Developpement/Xpression/tests/Bridge/Doctrine/ORM/ParserTest.php" line="218" assertions="2" time="0.001495"/>
          <testcase name="testParserThrowUnsupportedExpressionTypeException with data set #6" class="Tests\Symftony\Xpression\Bridge\Doctrine\ORM\ParserTest" classname="Tests.Symftony.Xpression.Bridge.Doctrine.ORM.ParserTest" file="/Users/anthony/Developpement/Xpression/tests/Bridge/Doctrine/ORM/ParserTest.php" line="218" assertions="2" time="0.002107"/>
        </testsuite>
      </testsuite>
      <testsuite name="Tests\Symftony\Xpression\Bridge\MongoDB\ExprBuilderTest" file="/Users/anthony/Developpement/Xpression/tests/Bridge/MongoDB/ExprBuilderTest.php" tests="15" assertions="16" errors="0" warnings="0" failures="0" skipped="0" time="0.007742">
        <testcase name="testGetSupportedTokenType" class="Tests\Symftony\Xpression\Bridge\MongoDB\ExprBuilderTest" classname="Tests.Symftony.Xpression.Bridge.MongoDB.ExprBuilderTest" file="/Users/anthony/Developpement/Xpression/tests/Bridge/MongoDB/ExprBuilderTest.php" line="24" assertions="1" time="0.000883"/>
        <testcase name="testIsNull" class="Tests\Symftony\Xpression\Bridge\MongoDB\ExprBuilderTest" classname="Tests.Symftony.Xpression.Bridge.MongoDB.ExprBuilderTest" file="/Users/anthony/Developpement/Xpression/tests/Bridge/MongoDB/ExprBuilderTest.php" line="29" assertions="1" time="0.000674"/>
        <testcase name="testEq" class="Tests\Symftony\Xpression\Bridge\MongoDB\ExprBuilderTest" classname="Tests.Symftony.Xpression.Bridge.MongoDB.ExprBuilderTest" file="/Users/anthony/Developpement/Xpression/tests/Bridge/MongoDB/ExprBuilderTest.php" line="35" assertions="1" time="0.000410"/>
        <testcase name="testNeq" class="Tests\Symftony\Xpression\Bridge\MongoDB\ExprBuilderTest" classname="Tests.Symftony.Xpression.Bridge.MongoDB.ExprBuilderTest" file="/Users/anthony/Developpement/Xpression/tests/Bridge/MongoDB/ExprBuilderTest.php" line="43" assertions="1" time="0.000415"/>
        <testcase name="testGt" class="Tests\Symftony\Xpression\Bridge\MongoDB\ExprBuilderTest" classname="Tests.Symftony.Xpression.Bridge.MongoDB.ExprBuilderTest" file="/Users/anthony/Developpement/Xpression/tests/Bridge/MongoDB/ExprBuilderTest.php" line="51" assertions="1" time="0.000456"/>
        <testcase name="testGte" class="Tests\Symftony\Xpression\Bridge\MongoDB\ExprBuilderTest" classname="Tests.Symftony.Xpression.Bridge.MongoDB.ExprBuilderTest" file="/Users/anthony/Developpement/Xpression/tests/Bridge/MongoDB/ExprBuilderTest.php" line="59" assertions="1" time="0.000392"/>
        <testcase name="testLt" class="Tests\Symftony\Xpression\Bridge\MongoDB\ExprBuilderTest" classname="Tests.Symftony.Xpression.Bridge.MongoDB.ExprBuilderTest" file="/Users/anthony/Developpement/Xpression/tests/Bridge/MongoDB/ExprBuilderTest.php" line="67" assertions="1" time="0.000384"/>
        <testcase name="testLte" class="Tests\Symftony\Xpression\Bridge\MongoDB\ExprBuilderTest" classname="Tests.Symftony.Xpression.Bridge.MongoDB.ExprBuilderTest" file="/Users/anthony/Developpement/Xpression/tests/Bridge/MongoDB/ExprBuilderTest.php" line="75" assertions="1" time="0.000399"/>
        <testcase name="testIn" class="Tests\Symftony\Xpression\Bridge\MongoDB\ExprBuilderTest" classname="Tests.Symftony.Xpression.Bridge.MongoDB.ExprBuilderTest" file="/Users/anthony/Developpement/Xpression/tests/Bridge/MongoDB/ExprBuilderTest.php" line="83" assertions="1" time="0.000436"/>
        <testcase name="testNin" class="Tests\Symftony\Xpression\Bridge\MongoDB\ExprBuilderTest" classname="Tests.Symftony.Xpression.Bridge.MongoDB.ExprBuilderTest" file="/Users/anthony/Developpement/Xpression/tests/Bridge/MongoDB/ExprBuilderTest.php" line="91" assertions="1" time="0.000521"/>
        <testcase name="testAnd" class="Tests\Symftony\Xpression\Bridge\MongoDB\ExprBuilderTest" classname="Tests.Symftony.Xpression.Bridge.MongoDB.ExprBuilderTest" file="/Users/anthony/Developpement/Xpression/tests/Bridge/MongoDB/ExprBuilderTest.php" line="99" assertions="1" time="0.000579"/>
        <testcase name="testNand" class="Tests\Symftony\Xpression\Bridge\MongoDB\ExprBuilderTest" classname="Tests.Symftony.Xpression.Bridge.MongoDB.ExprBuilderTest" file="/Users/anthony/Developpement/Xpression/tests/Bridge/MongoDB/ExprBuilderTest.php" line="107" assertions="1" time="0.000529"/>
        <testcase name="testOr" class="Tests\Symftony\Xpression\Bridge\MongoDB\ExprBuilderTest" classname="Tests.Symftony.Xpression.Bridge.MongoDB.ExprBuilderTest" file="/Users/anthony/Developpement/Xpression/tests/Bridge/MongoDB/ExprBuilderTest.php" line="115" assertions="1" time="0.000420"/>
        <testcase name="testNor" class="Tests\Symftony\Xpression\Bridge\MongoDB\ExprBuilderTest" classname="Tests.Symftony.Xpression.Bridge.MongoDB.ExprBuilderTest" file="/Users/anthony/Developpement/Xpression/tests/Bridge/MongoDB/ExprBuilderTest.php" line="123" assertions="1" time="0.000394"/>
        <testcase name="testXorX" class="Tests\Symftony\Xpression\Bridge\MongoDB\ExprBuilderTest" classname="Tests.Symftony.Xpression.Bridge.MongoDB.ExprBuilderTest" file="/Users/anthony/Developpement/Xpression/tests/Bridge/MongoDB/ExprBuilderTest.php" line="131" assertions="2" time="0.000851"/>
      </testsuite>
      <testsuite name="Tests\Symftony\Xpression\Bridge\MongoDB\ParserTest" file="/Users/anthony/Developpement/Xpression/tests/Bridge/MongoDB/ParserTest.php" tests="23" assertions="26" errors="0" warnings="0" failures="0" skipped="0" time="0.022577">
        <testsuite name="Tests\Symftony\Xpression\Bridge\MongoDB\ParserTest::testParser" tests="20" assertions="20" errors="0" warnings="0" failures="0" skipped="0" time="0.017218">
          <testcase name="testParser with data set #0" class="Tests\Symftony\Xpression\Bridge\MongoDB\ParserTest" classname="Tests.Symftony.Xpression.Bridge.MongoDB.ParserTest" file="/Users/anthony/Developpement/Xpression/tests/Bridge/MongoDB/ParserTest.php" line="205" assertions="1" time="0.000622"/>
          <testcase name="testParser with data set #1" class="Tests\Symftony\Xpression\Bridge\MongoDB\ParserTest" classname="Tests.Symftony.Xpression.Bridge.MongoDB.ParserTest" file="/Users/anthony/Developpement/Xpression/tests/Bridge/MongoDB/ParserTest.php" line="205" assertions="1" time="0.000804"/>
          <testcase name="testParser with data set #2" class="Tests\Symftony\Xpression\Bridge\MongoDB\ParserTest" classname="Tests.Symftony.Xpression.Bridge.MongoDB.ParserTest" file="/Users/anthony/Developpement/Xpression/tests/Bridge/MongoDB/ParserTest.php" line="205" assertions="1" time="0.000637"/>
          <testcase name="testParser with data set #3" class="Tests\Symftony\Xpression\Bridge\MongoDB\ParserTest" classname="Tests.Symftony.Xpression.Bridge.MongoDB.ParserTest" file="/Users/anthony/Developpement/Xpression/tests/Bridge/MongoDB/ParserTest.php" line="205" assertions="1" time="0.000641"/>
          <testcase name="testParser with data set #4" class="Tests\Symftony\Xpression\Bridge\MongoDB\ParserTest" classname="Tests.Symftony.Xpression.Bridge.MongoDB.ParserTest" file="/Users/anthony/Developpement/Xpression/tests/Bridge/MongoDB/ParserTest.php" line="205" assertions="1" time="0.000917"/>
          <testcase name="testParser with data set #5" class="Tests\Symftony\Xpression\Bridge\MongoDB\ParserTest" classname="Tests.Symftony.Xpression.Bridge.MongoDB.ParserTest" file="/Users/anthony/Developpement/Xpression/tests/Bridge/MongoDB/ParserTest.php" line="205" assertions="1" time="0.000843"/>
          <testcase name="testParser with data set #6" class="Tests\Symftony\Xpression\Bridge\MongoDB\ParserTest" classname="Tests.Symftony.Xpression.Bridge.MongoDB.ParserTest" file="/Users/anthony/Developpement/Xpression/tests/Bridge/MongoDB/ParserTest.php" line="205" assertions="1" time="0.000853"/>
          <testcase name="testParser with data set #7" class="Tests\Symftony\Xpression\Bridge\MongoDB\ParserTest" classname="Tests.Symftony.Xpression.Bridge.MongoDB.ParserTest" file="/Users/anthony/Developpement/Xpression/tests/Bridge/MongoDB/ParserTest.php" line="205" assertions="1" time="0.000608"/>
          <testcase name="testParser with data set #8" class="Tests\Symftony\Xpression\Bridge\MongoDB\ParserTest" classname="Tests.Symftony.Xpression.Bridge.MongoDB.ParserTest" file="/Users/anthony/Developpement/Xpression/tests/Bridge/MongoDB/ParserTest.php" line="205" assertions="1" time="0.000799"/>
          <testcase name="testParser with data set #9" class="Tests\Symftony\Xpression\Bridge\MongoDB\ParserTest" classname="Tests.Symftony.Xpression.Bridge.MongoDB.ParserTest" file="/Users/anthony/Developpement/Xpression/tests/Bridge/MongoDB/ParserTest.php" line="205" assertions="1" time="0.001122"/>
          <testcase name="testParser with data set #10" class="Tests\Symftony\Xpression\Bridge\MongoDB\ParserTest" classname="Tests.Symftony.Xpression.Bridge.MongoDB.ParserTest" file="/Users/anthony/Developpement/Xpression/tests/Bridge/MongoDB/ParserTest.php" line="205" assertions="1" time="0.001033"/>
          <testcase name="testParser with data set #11" class="Tests\Symftony\Xpression\Bridge\MongoDB\ParserTest" classname="Tests.Symftony.Xpression.Bridge.MongoDB.ParserTest" file="/Users/anthony/Developpement/Xpression/tests/Bridge/MongoDB/ParserTest.php" line="205" assertions="1" time="0.000793"/>
          <testcase name="testParser with data set #12" class="Tests\Symftony\Xpression\Bridge\MongoDB\ParserTest" classname="Tests.Symftony.Xpression.Bridge.MongoDB.ParserTest" file="/Users/anthony/Developpement/Xpression/tests/Bridge/MongoDB/ParserTest.php" line="205" assertions="1" time="0.000828"/>
          <testcase name="testParser with data set #13" class="Tests\Symftony\Xpression\Bridge\MongoDB\ParserTest" classname="Tests.Symftony.Xpression.Bridge.MongoDB.ParserTest" file="/Users/anthony/Developpement/Xpression/tests/Bridge/MongoDB/ParserTest.php" line="205" assertions="1" time="0.000805"/>
          <testcase name="testParser with data set #14" class="Tests\Symftony\Xpression\Bridge\MongoDB\ParserTest" classname="Tests.Symftony.Xpression.Bridge.MongoDB.ParserTest" file="/Users/anthony/Developpement/Xpression/tests/Bridge/MongoDB/ParserTest.php" line="205" assertions="1" time="0.000921"/>
          <testcase name="testParser with data set #15" class="Tests\Symftony\Xpression\Bridge\MongoDB\ParserTest" classname="Tests.Symftony.Xpression.Bridge.MongoDB.ParserTest" file="/Users/anthony/Developpement/Xpression/tests/Bridge/MongoDB/ParserTest.php" line="205" assertions="1" time="0.000828"/>
          <testcase name="testParser with data set #16" class="Tests\Symftony\Xpression\Bridge\MongoDB\ParserTest" classname="Tests.Symftony.Xpression.Bridge.MongoDB.ParserTest" file="/Users/anthony/Developpement/Xpression/tests/Bridge/MongoDB/ParserTest.php" line="205" assertions="1" time="0.001110"/>
          <testcase name="testParser with data set #17" class="Tests\Symftony\Xpression\Bridge\MongoDB\ParserTest" classname="Tests.Symftony.Xpression.Bridge.MongoDB.ParserTest" file="/Users/anthony/Developpement/Xpression/tests/Bridge/MongoDB/ParserTest.php" line="205" assertions="1" time="0.001022"/>
          <testcase name="testParser with data set #18" class="Tests\Symftony\Xpression\Bridge\MongoDB\ParserTest" classname="Tests.Symftony.Xpression.Bridge.MongoDB.ParserTest" file="/Users/anthony/Developpement/Xpression/tests/Bridge/MongoDB/ParserTest.php" line="205" assertions="1" time="0.001159"/>
          <testcase name="testParser with data set #19" class="Tests\Symftony\Xpression\Bridge\MongoDB\ParserTest" classname="Tests.Symftony.Xpression.Bridge.MongoDB.ParserTest" file="/Users/anthony/Developpement/Xpression/tests/Bridge/MongoDB/ParserTest.php" line="205" assertions="1" time="0.000873"/>
        </testsuite>
        <testsuite name="Tests\Symftony\Xpression\Bridge\MongoDB\ParserTest::testParserThrowUnsupportedExpressionTypeException" tests="3" assertions="6" errors="0" warnings="0" failures="0" skipped="0" time="0.005360">
          <testcase name="testParserThrowUnsupportedExpressionTypeException with data set #0" class="Tests\Symftony\Xpression\Bridge\MongoDB\ParserTest" classname="Tests.Symftony.Xpression.Bridge.MongoDB.ParserTest" file="/Users/anthony/Developpement/Xpression/tests/Bridge/MongoDB/ParserTest.php" line="222" assertions="2" time="0.001900"/>
          <testcase name="testParserThrowUnsupportedExpressionTypeException with data set #1" class="Tests\Symftony\Xpression\Bridge\MongoDB\ParserTest" classname="Tests.Symftony.Xpression.Bridge.MongoDB.ParserTest" file="/Users/anthony/Developpement/Xpression/tests/Bridge/MongoDB/ParserTest.php" line="222" assertions="2" time="0.001425"/>
          <testcase name="testParserThrowUnsupportedExpressionTypeException with data set #2" class="Tests\Symftony\Xpression\Bridge\MongoDB\ParserTest" classname="Tests.Symftony.Xpression.Bridge.MongoDB.ParserTest" file="/Users/anthony/Developpement/Xpression/tests/Bridge/MongoDB/ParserTest.php" line="222" assertions="2" time="0.002034"/>
        </testsuite>
      </testsuite>
      <testsuite name="Tests\Symftony\Xpression\Expr\ClosureExpressionBuilderTest" file="/Users/anthony/Developpement/Xpression/tests/Expr/ClosureExpressionBuilderTest.php" tests="67" assertions="68" errors="0" warnings="0" failures="0" skipped="0" time="0.038095">
        <testsuite name="Tests\Symftony\Xpression\Expr\ClosureExpressionBuilderTest::testGetObjectFieldValue" tests="8" assertions="8" errors="0" warnings="0" failures="0" skipped="0" time="0.004875">
          <testcase name="testGetObjectFieldValue with data set #0" class="Tests\Symftony\Xpression\Expr\ClosureExpressionBuilderTest" classname="Tests.Symftony.Xpression.Expr.ClosureExpressionBuilderTest" file="/Users/anthony/Developpement/Xpression/tests/Expr/ClosureExpressionBuilderTest.php" line="89" assertions="1" time="0.001204"/>
          <testcase name="testGetObjectFieldValue with data set #1" class="Tests\Symftony\Xpression\Expr\ClosureExpressionBuilderTest" classname="Tests.Symftony.Xpression.Expr.ClosureExpressionBuilderTest" file="/Users/anthony/Developpement/Xpression/tests/Expr/ClosureExpressionBuilderTest.php" line="89" assertions="1" time="0.000528"/>
          <testcase name="testGetObjectFieldValue with data set #2" class="Tests\Symftony\Xpression\Expr\ClosureExpressionBuilderTest" classname="Tests.Symftony.Xpression.Expr.ClosureExpressionBuilderTest" file="/Users/anthony/Developpement/Xpression/tests/Expr/ClosureExpressionBuilderTest.php" line="89" assertions="1" time="0.000481"/>
          <testcase name="testGetObjectFieldValue with data set #3" class="Tests\Symftony\Xpression\Expr\ClosureExpressionBuilderTest" classname="Tests.Symftony.Xpression.Expr.ClosureExpressionBuilderTest" file="/Users/anthony/Developpement/Xpression/tests/Expr/ClosureExpressionBuilderTest.php" line="89" assertions="1" time="0.000660"/>
          <testcase name="testGetObjectFieldValue with data set #4" class="Tests\Symftony\Xpression\Expr\ClosureExpressionBuilderTest" classname="Tests.Symftony.Xpression.Expr.ClosureExpressionBuilderTest" file="/Users/anthony/Developpement/Xpression/tests/Expr/ClosureExpressionBuilderTest.php" line="89" assertions="1" time="0.000490"/>
          <testcase name="testGetObjectFieldValue with data set #5" class="Tests\Symftony\Xpression\Expr\ClosureExpressionBuilderTest" classname="Tests.Symftony.Xpression.Expr.ClosureExpressionBuilderTest" file="/Users/anthony/Developpement/Xpression/tests/Expr/ClosureExpressionBuilderTest.php" line="89" assertions="1" time="0.000480"/>
          <testcase name="testGetObjectFieldValue with data set #6" class="Tests\Symftony\Xpression\Expr\ClosureExpressionBuilderTest" classname="Tests.Symftony.Xpression.Expr.ClosureExpressionBuilderTest" file="/Users/anthony/Developpement/Xpression/tests/Expr/ClosureExpressionBuilderTest.php" line="89" assertions="1" time="0.000533"/>
          <testcase name="testGetObjectFieldValue with data set #7" class="Tests\Symftony\Xpression\Expr\ClosureExpressionBuilderTest" classname="Tests.Symftony.Xpression.Expr.ClosureExpressionBuilderTest" file="/Users/anthony/Developpement/Xpression/tests/Expr/ClosureExpressionBuilderTest.php" line="89" assertions="1" time="0.000498"/>
        </testsuite>
        <testcase name="testGetSupportedTokenType" class="Tests\Symftony\Xpression\Expr\ClosureExpressionBuilderTest" classname="Tests.Symftony.Xpression.Expr.ClosureExpressionBuilderTest" file="/Users/anthony/Developpement/Xpression/tests/Expr/ClosureExpressionBuilderTest.php" line="94" assertions="1" time="0.000460"/>
        <testcase name="testParameter" class="Tests\Symftony\Xpression\Expr\ClosureExpressionBuilderTest" classname="Tests.Symftony.Xpression.Expr.ClosureExpressionBuilderTest" file="/Users/anthony/Developpement/Xpression/tests/Expr/ClosureExpressionBuilderTest.php" line="99" assertions="2" time="0.000472"/>
        <testcase name="testString" class="Tests\Symftony\Xpression\Expr\ClosureExpressionBuilderTest" classname="Tests.Symftony.Xpression.Expr.ClosureExpressionBuilderTest" file="/Users/anthony/Developpement/Xpression/tests/Expr/ClosureExpressionBuilderTest.php" line="105" assertions="1" time="0.000582"/>
        <testsuite name="Tests\Symftony\Xpression\Expr\ClosureExpressionBuilderTest::testIsNull" tests="2" assertions="2" errors="0" warnings="0" failures="0" skipped="0" time="0.001053">
          <testcase name="testIsNull with data set #0" class="Tests\Symftony\Xpression\Expr\ClosureExpressionBuilderTest" classname="Tests.Symftony.Xpression.Expr.ClosureExpressionBuilderTest" file="/Users/anthony/Developpement/Xpression/tests/Expr/ClosureExpressionBuilderTest.php" line="120" assertions="1" time="0.000609"/>
          <testcase name="testIsNull with data set #1" class="Tests\Symftony\Xpression\Expr\ClosureExpressionBuilderTest" classname="Tests.Symftony.Xpression.Expr.ClosureExpressionBuilderTest" file="/Users/anthony/Developpement/Xpression/tests/Expr/ClosureExpressionBuilderTest.php" line="120" assertions="1" time="0.000444"/>
        </testsuite>
        <testsuite name="Tests\Symftony\Xpression\Expr\ClosureExpressionBuilderTest::testEq" tests="3" assertions="3" errors="0" warnings="0" failures="0" skipped="0" time="0.002235">
          <testcase name="testEq with data set #0" class="Tests\Symftony\Xpression\Expr\ClosureExpressionBuilderTest" classname="Tests.Symftony.Xpression.Expr.ClosureExpressionBuilderTest" file="/Users/anthony/Developpement/Xpression/tests/Expr/ClosureExpressionBuilderTest.php" line="141" assertions="1" time="0.000628"/>
          <testcase name="testEq with data set #1" class="Tests\Symftony\Xpression\Expr\ClosureExpressionBuilderTest" classname="Tests.Symftony.Xpression.Expr.ClosureExpressionBuilderTest" file="/Users/anthony/Developpement/Xpression/tests/Expr/ClosureExpressionBuilderTest.php" line="141" assertions="1" time="0.000666"/>
          <testcase name="testEq with data set #2" class="Tests\Symftony\Xpression\Expr\ClosureExpressionBuilderTest" classname="Tests.Symftony.Xpression.Expr.ClosureExpressionBuilderTest" file="/Users/anthony/Developpement/Xpression/tests/Expr/ClosureExpressionBuilderTest.php" line="141" assertions="1" time="0.000940"/>
        </testsuite>
        <testsuite name="Tests\Symftony\Xpression\Expr\ClosureExpressionBuilderTest::testNeq" tests="3" assertions="3" errors="0" warnings="0" failures="0" skipped="0" time="0.001801">
          <testcase name="testNeq with data set #0" class="Tests\Symftony\Xpression\Expr\ClosureExpressionBuilderTest" classname="Tests.Symftony.Xpression.Expr.ClosureExpressionBuilderTest" file="/Users/anthony/Developpement/Xpression/tests/Expr/ClosureExpressionBuilderTest.php" line="162" assertions="1" time="0.000878"/>
          <testcase name="testNeq with data set #1" class="Tests\Symftony\Xpression\Expr\ClosureExpressionBuilderTest" classname="Tests.Symftony.Xpression.Expr.ClosureExpressionBuilderTest" file="/Users/anthony/Developpement/Xpression/tests/Expr/ClosureExpressionBuilderTest.php" line="162" assertions="1" time="0.000501"/>
          <testcase name="testNeq with data set #2" class="Tests\Symftony\Xpression\Expr\ClosureExpressionBuilderTest" classname="Tests.Symftony.Xpression.Expr.ClosureExpressionBuilderTest" file="/Users/anthony/Developpement/Xpression/tests/Expr/ClosureExpressionBuilderTest.php" line="162" assertions="1" time="0.000422"/>
        </testsuite>
        <testsuite name="Tests\Symftony\Xpression\Expr\ClosureExpressionBuilderTest::testGt" tests="3" assertions="3" errors="0" warnings="0" failures="0" skipped="0" time="0.001447">
          <testcase name="testGt with data set #0" class="Tests\Symftony\Xpression\Expr\ClosureExpressionBuilderTest" classname="Tests.Symftony.Xpression.Expr.ClosureExpressionBuilderTest" file="/Users/anthony/Developpement/Xpression/tests/Expr/ClosureExpressionBuilderTest.php" line="183" assertions="1" time="0.000448"/>
          <testcase name="testGt with data set #1" class="Tests\Symftony\Xpression\Expr\ClosureExpressionBuilderTest" classname="Tests.Symftony.Xpression.Expr.ClosureExpressionBuilderTest" file="/Users/anthony/Developpement/Xpression/tests/Expr/ClosureExpressionBuilderTest.php" line="183" assertions="1" time="0.000554"/>
          <testcase name="testGt with data set #2" class="Tests\Symftony\Xpression\Expr\ClosureExpressionBuilderTest" classname="Tests.Symftony.Xpression.Expr.ClosureExpressionBuilderTest" file="/Users/anthony/Developpement/Xpression/tests/Expr/ClosureExpressionBuilderTest.php" line="183" assertions="1" time="0.000444"/>
        </testsuite>
        <testsuite name="Tests\Symftony\Xpression\Expr\ClosureExpressionBuilderTest::testGte" tests="3" assertions="3" errors="0" warnings="0" failures="0" skipped="0" time="0.001574">
          <testcase name="testGte with data set #0" class="Tests\Symftony\Xpression\Expr\ClosureExpressionBuilderTest" classname="Tests.Symftony.Xpression.Expr.ClosureExpressionBuilderTest" file="/Users/anthony/Developpement/Xpression/tests/Expr/ClosureExpressionBuilderTest.php" line="204" assertions="1" time="0.000604"/>
          <testcase name="testGte with data set #1" class="Tests\Symftony\Xpression\Expr\ClosureExpressionBuilderTest" classname="Tests.Symftony.Xpression.Expr.ClosureExpressionBuilderTest" file="/Users/anthony/Developpement/Xpression/tests/Expr/ClosureExpressionBuilderTest.php" line="204" assertions="1" time="0.000521"/>
          <testcase name="testGte with data set #2" class="Tests\Symftony\Xpression\Expr\ClosureExpressionBuilderTest" classname="Tests.Symftony.Xpression.Expr.ClosureExpressionBuilderTest" file="/Users/anthony/Developpement/Xpression/tests/Expr/ClosureExpressionBuilderTest.php" line="204" assertions="1" time="0.000450"/>
        </testsuite>
        <testsuite name="Tests\Symftony\Xpression\Expr\ClosureExpressionBuilderTest::testLt" tests="3" assertions="3" errors="0" warnings="0" failures="0" skipped="0" time="0.001476">
          <testcase name="testLt with data set #0" class="Tests\Symftony\Xpression\Expr\ClosureExpressionBuilderTest" classname="Tests.Symftony.Xpression.Expr.ClosureExpressionBuilderTest" file="/Users/anthony/Developpement/Xpression/tests/Expr/ClosureExpressionBuilderTest.php" line="225" assertions="1" time="0.000456"/>
          <testcase name="testLt with data set #1" class="Tests\Symftony\Xpression\Expr\ClosureExpressionBuilderTest" classname="Tests.Symftony.Xpression.Expr.ClosureExpressionBuilderTest" file="/Users/anthony/Developpement/Xpression/tests/Expr/ClosureExpressionBuilderTest.php" line="225" assertions="1" time="0.000466"/>
          <testcase name="testLt with data set #2" class="Tests\Symftony\Xpression\Expr\ClosureExpressionBuilderTest" classname="Tests.Symftony.Xpression.Expr.ClosureExpressionBuilderTest" file="/Users/anthony/Developpement/Xpression/tests/Expr/ClosureExpressionBuilderTest.php" line="225" assertions="1" time="0.000554"/>
        </testsuite>
        <testsuite name="Tests\Symftony\Xpression\Expr\ClosureExpressionBuilderTest::testLte" tests="3" assertions="3" errors="0" warnings="0" failures="0" skipped="0" time="0.001382">
          <testcase name="testLte with data set #0" class="Tests\Symftony\Xpression\Expr\ClosureExpressionBuilderTest" classname="Tests.Symftony.Xpression.Expr.ClosureExpressionBuilderTest" file="/Users/anthony/Developpement/Xpression/tests/Expr/ClosureExpressionBuilderTest.php" line="246" assertions="1" time="0.000467"/>
          <testcase name="testLte with data set #1" class="Tests\Symftony\Xpression\Expr\ClosureExpressionBuilderTest" classname="Tests.Symftony.Xpression.Expr.ClosureExpressionBuilderTest" file="/Users/anthony/Developpement/Xpression/tests/Expr/ClosureExpressionBuilderTest.php" line="246" assertions="1" time="0.000483"/>
          <testcase name="testLte with data set #2" class="Tests\Symftony\Xpression\Expr\ClosureExpressionBuilderTest" classname="Tests.Symftony.Xpression.Expr.ClosureExpressionBuilderTest" file="/Users/anthony/Developpement/Xpression/tests/Expr/ClosureExpressionBuilderTest.php" line="246" assertions="1" time="0.000432"/>
        </testsuite>
        <testsuite name="Tests\Symftony\Xpression\Expr\ClosureExpressionBuilderTest::testIn" tests="2" assertions="2" errors="0" warnings="0" failures="0" skipped="0" time="0.000893">
          <testcase name="testIn with data set #0" class="Tests\Symftony\Xpression\Expr\ClosureExpressionBuilderTest" classname="Tests.Symftony.Xpression.Expr.ClosureExpressionBuilderTest" file="/Users/anthony/Developpement/Xpression/tests/Expr/ClosureExpressionBuilderTest.php" line="265" assertions="1" time="0.000496"/>
          <testcase name="testIn with data set #1" class="Tests\Symftony\Xpression\Expr\ClosureExpressionBuilderTest" classname="Tests.Symftony.Xpression.Expr.ClosureExpressionBuilderTest" file="/Users/anthony/Developpement/Xpression/tests/Expr/ClosureExpressionBuilderTest.php" line="265" assertions="1" time="0.000397"/>
        </testsuite>
        <testsuite name="Tests\Symftony\Xpression\Expr\ClosureExpressionBuilderTest::testNotIn" tests="2" assertions="2" errors="0" warnings="0" failures="0" skipped="0" time="0.001049">
          <testcase name="testNotIn with data set #0" class="Tests\Symftony\Xpression\Expr\ClosureExpressionBuilderTest" classname="Tests.Symftony.Xpression.Expr.ClosureExpressionBuilderTest" file="/Users/anthony/Developpement/Xpression/tests/Expr/ClosureExpressionBuilderTest.php" line="277" assertions="1" time="0.000519"/>
          <testcase name="testNotIn with data set #1" class="Tests\Symftony\Xpression\Expr\ClosureExpressionBuilderTest" classname="Tests.Symftony.Xpression.Expr.ClosureExpressionBuilderTest" file="/Users/anthony/Developpement/Xpression/tests/Expr/ClosureExpressionBuilderTest.php" line="277" assertions="1" time="0.000530"/>
        </testsuite>
        <testsuite name="Tests\Symftony\Xpression\Expr\ClosureExpressionBuilderTest::testContains" tests="2" assertions="2" errors="0" warnings="0" failures="0" skipped="0" time="0.001202">
          <testcase name="testContains with data set #0" class="Tests\Symftony\Xpression\Expr\ClosureExpressionBuilderTest" classname="Tests.Symftony.Xpression.Expr.ClosureExpressionBuilderTest" file="/Users/anthony/Developpement/Xpression/tests/Expr/ClosureExpressionBuilderTest.php" line="296" assertions="1" time="0.000454"/>
          <testcase name="testContains with data set #1" class="Tests\Symftony\Xpression\Expr\ClosureExpressionBuilderTest" classname="Tests.Symftony.Xpression.Expr.ClosureExpressionBuilderTest" file="/Users/anthony/Developpement/Xpression/tests/Expr/ClosureExpressionBuilderTest.php" line="296" assertions="1" time="0.000748"/>
        </testsuite>
        <testsuite name="Tests\Symftony\Xpression\Expr\ClosureExpressionBuilderTest::testNotContains" tests="2" assertions="2" errors="0" warnings="0" failures="0" skipped="0" time="0.001103">
          <testcase name="testNotContains with data set #0" class="Tests\Symftony\Xpression\Expr\ClosureExpressionBuilderTest" classname="Tests.Symftony.Xpression.Expr.ClosureExpressionBuilderTest" file="/Users/anthony/Developpement/Xpression/tests/Expr/ClosureExpressionBuilderTest.php" line="308" assertions="1" time="0.000643"/>
          <testcase name="testNotContains with data set #1" class="Tests\Symftony\Xpression\Expr\ClosureExpressionBuilderTest" classname="Tests.Symftony.Xpression.Expr.ClosureExpressionBuilderTest" file="/Users/anthony/Developpement/Xpression/tests/Expr/ClosureExpressionBuilderTest.php" line="308" assertions="1" time="0.000460"/>
        </testsuite>
        <testsuite name="Tests\Symftony\Xpression\Expr\ClosureExpressionBuilderTest::testAndX" tests="4" assertions="4" errors="0" warnings="0" failures="0" skipped="0" time="0.001747">
          <testcase name="testAndX with data set #0" class="Tests\Symftony\Xpression\Expr\ClosureExpressionBuilderTest" classname="Tests.Symftony.Xpression.Expr.ClosureExpressionBuilderTest" file="/Users/anthony/Developpement/Xpression/tests/Expr/ClosureExpressionBuilderTest.php" line="331" assertions="1" time="0.000456"/>
          <testcase name="testAndX with data set #1" class="Tests\Symftony\Xpression\Expr\ClosureExpressionBuilderTest" classname="Tests.Symftony.Xpression.Expr.ClosureExpressionBuilderTest" file="/Users/anthony/Developpement/Xpression/tests/Expr/ClosureExpressionBuilderTest.php" line="331" assertions="1" time="0.000421"/>
          <testcase name="testAndX with data set #2" class="Tests\Symftony\Xpression\Expr\ClosureExpressionBuilderTest" classname="Tests.Symftony.Xpression.Expr.ClosureExpressionBuilderTest" file="/Users/anthony/Developpement/Xpression/tests/Expr/ClosureExpressionBuilderTest.php" line="331" assertions="1" time="0.000443"/>
          <testcase name="testAndX with data set #3" class="Tests\Symftony\Xpression\Expr\ClosureExpressionBuilderTest" classname="Tests.Symftony.Xpression.Expr.ClosureExpressionBuilderTest" file="/Users/anthony/Developpement/Xpression/tests/Expr/ClosureExpressionBuilderTest.php" line="331" assertions="1" time="0.000428"/>
        </testsuite>
        <testsuite name="Tests\Symftony\Xpression\Expr\ClosureExpressionBuilderTest::testNandX" tests="4" assertions="4" errors="0" warnings="0" failures="0" skipped="0" time="0.001907">
          <testcase name="testNandX with data set #0" class="Tests\Symftony\Xpression\Expr\ClosureExpressionBuilderTest" classname="Tests.Symftony.Xpression.Expr.ClosureExpressionBuilderTest" file="/Users/anthony/Developpement/Xpression/tests/Expr/ClosureExpressionBuilderTest.php" line="344" assertions="1" time="0.000479"/>
          <testcase name="testNandX with data set #1" class="Tests\Symftony\Xpression\Expr\ClosureExpressionBuilderTest" classname="Tests.Symftony.Xpression.Expr.ClosureExpressionBuilderTest" file="/Users/anthony/Developpement/Xpression/tests/Expr/ClosureExpressionBuilderTest.php" line="344" assertions="1" time="0.000411"/>
          <testcase name="testNandX with data set #2" class="Tests\Symftony\Xpression\Expr\ClosureExpressionBuilderTest" classname="Tests.Symftony.Xpression.Expr.ClosureExpressionBuilderTest" file="/Users/anthony/Developpement/Xpression/tests/Expr/ClosureExpressionBuilderTest.php" line="344" assertions="1" time="0.000563"/>
          <testcase name="testNandX with data set #3" class="Tests\Symftony\Xpression\Expr\ClosureExpressionBuilderTest" classname="Tests.Symftony.Xpression.Expr.ClosureExpressionBuilderTest" file="/Users/anthony/Developpement/Xpression/tests/Expr/ClosureExpressionBuilderTest.php" line="344" assertions="1" time="0.000454"/>
        </testsuite>
        <testsuite name="Tests\Symftony\Xpression\Expr\ClosureExpressionBuilderTest::testOrX" tests="4" assertions="4" errors="0" warnings="0" failures="0" skipped="0" time="0.002278">
          <testcase name="testOrX with data set #0" class="Tests\Symftony\Xpression\Expr\ClosureExpressionBuilderTest" classname="Tests.Symftony.Xpression.Expr.ClosureExpressionBuilderTest" file="/Users/anthony/Developpement/Xpression/tests/Expr/ClosureExpressionBuilderTest.php" line="368" assertions="1" time="0.000800"/>
          <testcase name="testOrX with data set #1" class="Tests\Symftony\Xpression\Expr\ClosureExpressionBuilderTest" classname="Tests.Symftony.Xpression.Expr.ClosureExpressionBuilderTest" file="/Users/anthony/Developpement/Xpression/tests/Expr/ClosureExpressionBuilderTest.php" line="368" assertions="1" time="0.000467"/>
          <testcase name="testOrX with data set #2" class="Tests\Symftony\Xpression\Expr\ClosureExpressionBuilderTest" classname="Tests.Symftony.Xpression.Expr.ClosureExpressionBuilderTest" file="/Users/anthony/Developpement/Xpression/tests/Expr/ClosureExpressionBuilderTest.php" line="368" assertions="1" time="0.000576"/>
          <testcase name="testOrX with data set #3" class="Tests\Symftony\Xpression\Expr\ClosureExpressionBuilderTest" classname="Tests.Symftony.Xpression.Expr.ClosureExpressionBuilderTest" file="/Users/anthony/Developpement/Xpression/tests/Expr/ClosureExpressionBuilderTest.php" line="368" assertions="1" time="0.000434"/>
        </testsuite>
        <testsuite name="Tests\Symftony\Xpression\Expr\ClosureExpressionBuilderTest::testNorX" tests="4" assertions="4" errors="0" warnings="0" failures="0" skipped="0" time="0.002362">
          <testcase name="testNorX with data set #0" class="Tests\Symftony\Xpression\Expr\ClosureExpressionBuilderTest" classname="Tests.Symftony.Xpression.Expr.ClosureExpressionBuilderTest" file="/Users/anthony/Developpement/Xpression/tests/Expr/ClosureExpressionBuilderTest.php" line="381" assertions="1" time="0.000439"/>
          <testcase name="testNorX with data set #1" class="Tests\Symftony\Xpression\Expr\ClosureExpressionBuilderTest" classname="Tests.Symftony.Xpression.Expr.ClosureExpressionBuilderTest" file="/Users/anthony/Developpement/Xpression/tests/Expr/ClosureExpressionBuilderTest.php" line="381" assertions="1" time="0.000652"/>
          <testcase name="testNorX with data set #2" class="Tests\Symftony\Xpression\Expr\ClosureExpressionBuilderTest" classname="Tests.Symftony.Xpression.Expr.ClosureExpressionBuilderTest" file="/Users/anthony/Developpement/Xpression/tests/Expr/ClosureExpressionBuilderTest.php" line="381" assertions="1" time="0.000735"/>
          <testcase name="testNorX with data set #3" class="Tests\Symftony\Xpression\Expr\ClosureExpressionBuilderTest" classname="Tests.Symftony.Xpression.Expr.ClosureExpressionBuilderTest" file="/Users/anthony/Developpement/Xpression/tests/Expr/ClosureExpressionBuilderTest.php" line="381" assertions="1" time="0.000535"/>
        </testsuite>
        <testsuite name="Tests\Symftony\Xpression\Expr\ClosureExpressionBuilderTest::testXorX" tests="12" assertions="12" errors="0" warnings="0" failures="0" skipped="0" time="0.008197">
          <testcase name="testXorX with data set #0" class="Tests\Symftony\Xpression\Expr\ClosureExpressionBuilderTest" classname="Tests.Symftony.Xpression.Expr.ClosureExpressionBuilderTest" file="/Users/anthony/Developpement/Xpression/tests/Expr/ClosureExpressionBuilderTest.php" line="421" assertions="1" time="0.000742"/>
          <testcase name="testXorX with data set #1" class="Tests\Symftony\Xpression\Expr\ClosureExpressionBuilderTest" classname="Tests.Symftony.Xpression.Expr.ClosureExpressionBuilderTest" file="/Users/anthony/Developpement/Xpression/tests/Expr/ClosureExpressionBuilderTest.php" line="421" assertions="1" time="0.000578"/>
          <testcase name="testXorX with data set #2" class="Tests\Symftony\Xpression\Expr\ClosureExpressionBuilderTest" classname="Tests.Symftony.Xpression.Expr.ClosureExpressionBuilderTest" file="/Users/anthony/Developpement/Xpression/tests/Expr/ClosureExpressionBuilderTest.php" line="421" assertions="1" time="0.000586"/>
          <testcase name="testXorX with data set #3" class="Tests\Symftony\Xpression\Expr\ClosureExpressionBuilderTest" classname="Tests.Symftony.Xpression.Expr.ClosureExpressionBuilderTest" file="/Users/anthony/Developpement/Xpression/tests/Expr/ClosureExpressionBuilderTest.php" line="421" assertions="1" time="0.000685"/>
          <testcase name="testXorX with data set #4" class="Tests\Symftony\Xpression\Expr\ClosureExpressionBuilderTest" classname="Tests.Symftony.Xpression.Expr.ClosureExpressionBuilderTest" file="/Users/anthony/Developpement/Xpression/tests/Expr/ClosureExpressionBuilderTest.php" line="421" assertions="1" time="0.000842"/>
          <testcase name="testXorX with data set #5" class="Tests\Symftony\Xpression\Expr\ClosureExpressionBuilderTest" classname="Tests.Symftony.Xpression.Expr.ClosureExpressionBuilderTest" file="/Users/anthony/Developpement/Xpression/tests/Expr/ClosureExpressionBuilderTest.php" line="421" assertions="1" time="0.000630"/>
[...]
          <testcase name="testParseSuccess with data set #11" class="Tests\Symftony\Xpression\ParserTest" classname="Tests.Symftony.Xpression.ParserTest" file="/Users/anthony/Developpement/Xpression/tests/ParserTest.php" line="354" assertions="1" time="0.001621"/>
          <testcase name="testParseSuccess with data set #12" class="Tests\Symftony\Xpression\ParserTest" classname="Tests.Symftony.Xpression.ParserTest" file="/Users/anthony/Developpement/Xpression/tests/ParserTest.php" line="354" assertions="1" time="0.001728"/>
          <testcase name="testParseSuccess with data set #13" class="Tests\Symftony\Xpression\ParserTest" classname="Tests.Symftony.Xpression.ParserTest" file="/Users/anthony/Developpement/Xpression/tests/ParserTest.php" line="354" assertions="1" time="0.023508"/>
          <testcase name="testParseSuccess with data set #14" class="Tests\Symftony\Xpression\ParserTest" classname="Tests.Symftony.Xpression.ParserTest" file="/Users/anthony/Developpement/Xpression/tests/ParserTest.php" line="354" assertions="1" time="0.022026"/>
          <testcase name="testParseSuccess with data set #15" class="Tests\Symftony\Xpression\ParserTest" classname="Tests.Symftony.Xpression.ParserTest" file="/Users/anthony/Developpement/Xpression/tests/ParserTest.php" line="354" assertions="1" time="0.022634"/>
          <testcase name="testParseSuccess with data set #16" class="Tests\Symftony\Xpression\ParserTest" classname="Tests.Symftony.Xpression.ParserTest" file="/Users/anthony/Developpement/Xpression/tests/ParserTest.php" line="354" assertions="1" time="0.027394"/>
          <testcase name="testParseSuccess with data set #17" class="Tests\Symftony\Xpression\ParserTest" classname="Tests.Symftony.Xpression.ParserTest" file="/Users/anthony/Developpement/Xpression/tests/ParserTest.php" line="354" assertions="1" time="0.023000"/>
          <testcase name="testParseSuccess with data set #18" class="Tests\Symftony\Xpression\ParserTest" classname="Tests.Symftony.Xpression.ParserTest" file="/Users/anthony/Developpement/Xpression/tests/ParserTest.php" line="354" assertions="1" time="0.002233"/>
          <testcase name="testParseSuccess with data set #19" class="Tests\Symftony\Xpression\ParserTest" classname="Tests.Symftony.Xpression.ParserTest" file="/Users/anthony/Developpement/Xpression/tests/ParserTest.php" line="354" assertions="1" time="0.024184"/>
          <testcase name="testParseSuccess with data set #20" class="Tests\Symftony\Xpression\ParserTest" classname="Tests.Symftony.Xpression.ParserTest" file="/Users/anthony/Developpement/Xpression/tests/ParserTest.php" line="354" assertions="1" time="0.046417"/>
          <testcase name="testParseSuccess with data set #21" class="Tests\Symftony\Xpression\ParserTest" classname="Tests.Symftony.Xpression.ParserTest" file="/Users/anthony/Developpement/Xpression/tests/ParserTest.php" line="354" assertions="1" time="0.050513"/>
          <testcase name="testParseSuccess with data set #22" class="Tests\Symftony\Xpression\ParserTest" classname="Tests.Symftony.Xpression.ParserTest" file="/Users/anthony/Developpement/Xpression/tests/ParserTest.php" line="354" assertions="1" time="0.046875"/>
          <testcase name="testParseSuccess with data set #23" class="Tests\Symftony\Xpression\ParserTest" classname="Tests.Symftony.Xpression.ParserTest" file="/Users/anthony/Developpement/Xpression/tests/ParserTest.php" line="354" assertions="1" time="0.048213"/>
          <testcase name="testParseSuccess with data set #24" class="Tests\Symftony\Xpression\ParserTest" classname="Tests.Symftony.Xpression.ParserTest" file="/Users/anthony/Developpement/Xpression/tests/ParserTest.php" line="354" assertions="1" time="0.061200"/>
          <testcase name="testParseSuccess with data set #25" class="Tests\Symftony\Xpression\ParserTest" classname="Tests.Symftony.Xpression.ParserTest" file="/Users/anthony/Developpement/Xpression/tests/ParserTest.php" line="354" assertions="1" time="0.046718"/>
          <testcase name="testParseSuccess with data set #26" class="Tests\Symftony\Xpression\ParserTest" classname="Tests.Symftony.Xpression.ParserTest" file="/Users/anthony/Developpement/Xpression/tests/ParserTest.php" line="354" assertions="1" time="0.002653"/>
          <testcase name="testParseSuccess with data set #27" class="Tests\Symftony\Xpression\ParserTest" classname="Tests.Symftony.Xpression.ParserTest" file="/Users/anthony/Developpement/Xpression/tests/ParserTest.php" line="354" assertions="1" time="0.026280"/>
          <testcase name="testParseSuccess with data set #28" class="Tests\Symftony\Xpression\ParserTest" classname="Tests.Symftony.Xpression.ParserTest" file="/Users/anthony/Developpement/Xpression/tests/ParserTest.php" line="354" assertions="1" time="0.028136"/>
        </testsuite>
        <testsuite name="Tests\Symftony\Xpression\ParserTest::testForbiddenToken" tests="26" assertions="52" errors="0" warnings="0" failures="0" skipped="0" time="0.078336">
          <testcase name="testForbiddenToken with data set #0" class="Tests\Symftony\Xpression\ParserTest" classname="Tests.Symftony.Xpression.ParserTest" file="/Users/anthony/Developpement/Xpression/tests/ParserTest.php" line="419" assertions="2" time="0.003289"/>
          <testcase name="testForbiddenToken with data set #1" class="Tests\Symftony\Xpression\ParserTest" classname="Tests.Symftony.Xpression.ParserTest" file="/Users/anthony/Developpement/Xpression/tests/ParserTest.php" line="419" assertions="2" time="0.002752"/>
          <testcase name="testForbiddenToken with data set #2" class="Tests\Symftony\Xpression\ParserTest" classname="Tests.Symftony.Xpression.ParserTest" file="/Users/anthony/Developpement/Xpression/tests/ParserTest.php" line="419" assertions="2" time="0.002568"/>
          <testcase name="testForbiddenToken with data set #3" class="Tests\Symftony\Xpression\ParserTest" classname="Tests.Symftony.Xpression.ParserTest" file="/Users/anthony/Developpement/Xpression/tests/ParserTest.php" line="419" assertions="2" time="0.003100"/>
          <testcase name="testForbiddenToken with data set #4" class="Tests\Symftony\Xpression\ParserTest" classname="Tests.Symftony.Xpression.ParserTest" file="/Users/anthony/Developpement/Xpression/tests/ParserTest.php" line="419" assertions="2" time="0.002720"/>
          <testcase name="testForbiddenToken with data set #5" class="Tests\Symftony\Xpression\ParserTest" classname="Tests.Symftony.Xpression.ParserTest" file="/Users/anthony/Developpement/Xpression/tests/ParserTest.php" line="419" assertions="2" time="0.003985"/>
          <testcase name="testForbiddenToken with data set #6" class="Tests\Symftony\Xpression\ParserTest" classname="Tests.Symftony.Xpression.ParserTest" file="/Users/anthony/Developpement/Xpression/tests/ParserTest.php" line="419" assertions="2" time="0.004230"/>
          <testcase name="testForbiddenToken with data set #7" class="Tests\Symftony\Xpression\ParserTest" classname="Tests.Symftony.Xpression.ParserTest" file="/Users/anthony/Developpement/Xpression/tests/ParserTest.php" line="419" assertions="2" time="0.002870"/>
          <testcase name="testForbiddenToken with data set #8" class="Tests\Symftony\Xpression\ParserTest" classname="Tests.Symftony.Xpression.ParserTest" file="/Users/anthony/Developpement/Xpression/tests/ParserTest.php" line="419" assertions="2" time="0.002748"/>
          <testcase name="testForbiddenToken with data set #9" class="Tests\Symftony\Xpression\ParserTest" classname="Tests.Symftony.Xpression.ParserTest" file="/Users/anthony/Developpement/Xpression/tests/ParserTest.php" line="419" assertions="2" time="0.003027"/>
          <testcase name="testForbiddenToken with data set #10" class="Tests\Symftony\Xpression\ParserTest" classname="Tests.Symftony.Xpression.ParserTest" file="/Users/anthony/Developpement/Xpression/tests/ParserTest.php" line="419" assertions="2" time="0.002777"/>
          <testcase name="testForbiddenToken with data set #11" class="Tests\Symftony\Xpression\ParserTest" classname="Tests.Symftony.Xpression.ParserTest" file="/Users/anthony/Developpement/Xpression/tests/ParserTest.php" line="419" assertions="2" time="0.003222"/>
          <testcase name="testForbiddenToken with data set #12" class="Tests\Symftony\Xpression\ParserTest" classname="Tests.Symftony.Xpression.ParserTest" file="/Users/anthony/Developpement/Xpression/tests/ParserTest.php" line="419" assertions="2" time="0.002694"/>
          <testcase name="testForbiddenToken with data set #13" class="Tests\Symftony\Xpression\ParserTest" classname="Tests.Symftony.Xpression.ParserTest" file="/Users/anthony/Developpement/Xpression/tests/ParserTest.php" line="419" assertions="2" time="0.003096"/>
          <testcase name="testForbiddenToken with data set #14" class="Tests\Symftony\Xpression\ParserTest" classname="Tests.Symftony.Xpression.ParserTest" file="/Users/anthony/Developpement/Xpression/tests/ParserTest.php" line="419" assertions="2" time="0.002788"/>
          <testcase name="testForbiddenToken with data set #15" class="Tests\Symftony\Xpression\ParserTest" classname="Tests.Symftony.Xpression.ParserTest" file="/Users/anthony/Developpement/Xpression/tests/ParserTest.php" line="419" assertions="2" time="0.003586"/>
          <testcase name="testForbiddenToken with data set #16" class="Tests\Symftony\Xpression\ParserTest" classname="Tests.Symftony.Xpression.ParserTest" file="/Users/anthony/Developpement/Xpression/tests/ParserTest.php" line="419" assertions="2" time="0.002664"/>
          <testcase name="testForbiddenToken with data set #17" class="Tests\Symftony\Xpression\ParserTest" classname="Tests.Symftony.Xpression.ParserTest" file="/Users/anthony/Developpement/Xpression/tests/ParserTest.php" line="419" assertions="2" time="0.002903"/>
          <testcase name="testForbiddenToken with data set #18" class="Tests\Symftony\Xpression\ParserTest" classname="Tests.Symftony.Xpression.ParserTest" file="/Users/anthony/Developpement/Xpression/tests/ParserTest.php" line="419" assertions="2" time="0.002853"/>
          <testcase name="testForbiddenToken with data set #19" class="Tests\Symftony\Xpression\ParserTest" classname="Tests.Symftony.Xpression.ParserTest" file="/Users/anthony/Developpement/Xpression/tests/ParserTest.php" line="419" assertions="2" time="0.003455"/>
          <testcase name="testForbiddenToken with data set #20" class="Tests\Symftony\Xpression\ParserTest" classname="Tests.Symftony.Xpression.ParserTest" file="/Users/anthony/Developpement/Xpression/tests/ParserTest.php" line="419" assertions="2" time="0.002957"/>
          <testcase name="testForbiddenToken with data set #21" class="Tests\Symftony\Xpression\ParserTest" classname="Tests.Symftony.Xpression.ParserTest" file="/Users/anthony/Developpement/Xpression/tests/ParserTest.php" line="419" assertions="2" time="0.002945"/>
          <testcase name="testForbiddenToken with data set #22" class="Tests\Symftony\Xpression\ParserTest" classname="Tests.Symftony.Xpression.ParserTest" file="/Users/anthony/Developpement/Xpression/tests/ParserTest.php" line="419" assertions="2" time="0.003312"/>
          <testcase name="testForbiddenToken with data set #23" class="Tests\Symftony\Xpression\ParserTest" classname="Tests.Symftony.Xpression.ParserTest" file="/Users/anthony/Developpement/Xpression/tests/ParserTest.php" line="419" assertions="2" time="0.002608"/>
          <testcase name="testForbiddenToken with data set #24" class="Tests\Symftony\Xpression\ParserTest" classname="Tests.Symftony.Xpression.ParserTest" file="/Users/anthony/Developpement/Xpression/tests/ParserTest.php" line="419" assertions="2" time="0.002525"/>
          <testcase name="testForbiddenToken with data set #25" class="Tests\Symftony\Xpression\ParserTest" classname="Tests.Symftony.Xpression.ParserTest" file="/Users/anthony/Developpement/Xpression/tests/ParserTest.php" line="419" assertions="2" time="0.002663"/>
        </testsuite>
        <testcase name="testUnexpectedToken" class="Tests\Symftony\Xpression\ParserTest" classname="Tests.Symftony.Xpression.ParserTest" file="/Users/anthony/Developpement/Xpression/tests/ParserTest.php" line="426" assertions="2" time="0.003073"/>
        <testcase name="testUnsupportedToken" class="Tests\Symftony\Xpression\ParserTest" classname="Tests.Symftony.Xpression.ParserTest" file="/Users/anthony/Developpement/Xpression/tests/ParserTest.php" line="433" assertions="2" time="0.002913"/>
        <testcase name="testTokenPrecedenceError" class="Tests\Symftony\Xpression\ParserTest" classname="Tests.Symftony.Xpression.ParserTest" file="/Users/anthony/Developpement/Xpression/tests/ParserTest.php" line="442" assertions="4" time="0.003135"/>
      </testsuite>
      <testsuite name="Tests\Symftony\Xpression\QueryStringParserTest" file="/Users/anthony/Developpement/Xpression/tests/QueryStringParserTest.php" tests="23" assertions="46" errors="0" warnings="0" failures="0" skipped="0" time="0.011549">
        <testsuite name="Tests\Symftony\Xpression\QueryStringParserTest::testParse" tests="23" assertions="46" errors="0" warnings="0" failures="0" skipped="0" time="0.011549">
          <testcase name="testParse with data set #0" class="Tests\Symftony\Xpression\QueryStringParserTest" classname="Tests.Symftony.Xpression.QueryStringParserTest" file="/Users/anthony/Developpement/Xpression/tests/QueryStringParserTest.php" line="216" assertions="2" time="0.000786"/>
          <testcase name="testParse with data set #1" class="Tests\Symftony\Xpression\QueryStringParserTest" classname="Tests.Symftony.Xpression.QueryStringParserTest" file="/Users/anthony/Developpement/Xpression/tests/QueryStringParserTest.php" line="216" assertions="2" time="0.000462"/>
          <testcase name="testParse with data set #2" class="Tests\Symftony\Xpression\QueryStringParserTest" classname="Tests.Symftony.Xpression.QueryStringParserTest" file="/Users/anthony/Developpement/Xpression/tests/QueryStringParserTest.php" line="216" assertions="2" time="0.000432"/>
          <testcase name="testParse with data set #3" class="Tests\Symftony\Xpression\QueryStringParserTest" classname="Tests.Symftony.Xpression.QueryStringParserTest" file="/Users/anthony/Developpement/Xpression/tests/QueryStringParserTest.php" line="216" assertions="2" time="0.000526"/>
          <testcase name="testParse with data set #4" class="Tests\Symftony\Xpression\QueryStringParserTest" classname="Tests.Symftony.Xpression.QueryStringParserTest" file="/Users/anthony/Developpement/Xpression/tests/QueryStringParserTest.php" line="216" assertions="2" time="0.000524"/>
          <testcase name="testParse with data set #5" class="Tests\Symftony\Xpression\QueryStringParserTest" classname="Tests.Symftony.Xpression.QueryStringParserTest" file="/Users/anthony/Developpement/Xpression/tests/QueryStringParserTest.php" line="216" assertions="2" time="0.000433"/>
          <testcase name="testParse with data set #6" class="Tests\Symftony\Xpression\QueryStringParserTest" classname="Tests.Symftony.Xpression.QueryStringParserTest" file="/Users/anthony/Developpement/Xpression/tests/QueryStringParserTest.php" line="216" assertions="2" time="0.000436"/>
          <testcase name="testParse with data set #7" class="Tests\Symftony\Xpression\QueryStringParserTest" classname="Tests.Symftony.Xpression.QueryStringParserTest" file="/Users/anthony/Developpement/Xpression/tests/QueryStringParserTest.php" line="216" assertions="2" time="0.000417"/>
          <testcase name="testParse with data set #8" class="Tests\Symftony\Xpression\QueryStringParserTest" classname="Tests.Symftony.Xpression.QueryStringParserTest" file="/Users/anthony/Developpement/Xpression/tests/QueryStringParserTest.php" line="216" assertions="2" time="0.000418"/>
          <testcase name="testParse with data set #9" class="Tests\Symftony\Xpression\QueryStringParserTest" classname="Tests.Symftony.Xpression.QueryStringParserTest" file="/Users/anthony/Developpement/Xpression/tests/QueryStringParserTest.php" line="216" assertions="2" time="0.000431"/>
          <testcase name="testParse with data set #10" class="Tests\Symftony\Xpression\QueryStringParserTest" classname="Tests.Symftony.Xpression.QueryStringParserTest" file="/Users/anthony/Developpement/Xpression/tests/QueryStringParserTest.php" line="216" assertions="2" time="0.000436"/>
          <testcase name="testParse with data set #11" class="Tests\Symftony\Xpression\QueryStringParserTest" classname="Tests.Symftony.Xpression.QueryStringParserTest" file="/Users/anthony/Developpement/Xpression/tests/QueryStringParserTest.php" line="216" assertions="2" time="0.000503"/>
          <testcase name="testParse with data set #12" class="Tests\Symftony\Xpression\QueryStringParserTest" classname="Tests.Symftony.Xpression.QueryStringParserTest" file="/Users/anthony/Developpement/Xpression/tests/QueryStringParserTest.php" line="216" assertions="2" time="0.000472"/>
          <testcase name="testParse with data set #13" class="Tests\Symftony\Xpression\QueryStringParserTest" classname="Tests.Symftony.Xpression.QueryStringParserTest" file="/Users/anthony/Developpement/Xpression/tests/QueryStringParserTest.php" line="216" assertions="2" time="0.000486"/>
          <testcase name="testParse with data set #14" class="Tests\Symftony\Xpression\QueryStringParserTest" classname="Tests.Symftony.Xpression.QueryStringParserTest" file="/Users/anthony/Developpement/Xpression/tests/QueryStringParserTest.php" line="216" assertions="2" time="0.000451"/>
          <testcase name="testParse with data set #15" class="Tests\Symftony\Xpression\QueryStringParserTest" classname="Tests.Symftony.Xpression.QueryStringParserTest" file="/Users/anthony/Developpement/Xpression/tests/QueryStringParserTest.php" line="216" assertions="2" time="0.000437"/>
          <testcase name="testParse with data set #16" class="Tests\Symftony\Xpression\QueryStringParserTest" classname="Tests.Symftony.Xpression.QueryStringParserTest" file="/Users/anthony/Developpement/Xpression/tests/QueryStringParserTest.php" line="216" assertions="2" time="0.000459"/>
          <testcase name="testParse with data set #17" class="Tests\Symftony\Xpression\QueryStringParserTest" classname="Tests.Symftony.Xpression.QueryStringParserTest" file="/Users/anthony/Developpement/Xpression/tests/QueryStringParserTest.php" line="216" assertions="2" time="0.000463"/>
          <testcase name="testParse with data set #18" class="Tests\Symftony\Xpression\QueryStringParserTest" classname="Tests.Symftony.Xpression.QueryStringParserTest" file="/Users/anthony/Developpement/Xpression/tests/QueryStringParserTest.php" line="216" assertions="2" time="0.000449"/>
          <testcase name="testParse with data set #19" class="Tests\Symftony\Xpression\QueryStringParserTest" classname="Tests.Symftony.Xpression.QueryStringParserTest" file="/Users/anthony/Developpement/Xpression/tests/QueryStringParserTest.php" line="216" assertions="2" time="0.000427"/>
          <testcase name="testParse with data set #20" class="Tests\Symftony\Xpression\QueryStringParserTest" classname="Tests.Symftony.Xpression.QueryStringParserTest" file="/Users/anthony/Developpement/Xpression/tests/QueryStringParserTest.php" line="216" assertions="2" time="0.000577"/>
          <testcase name="testParse with data set #21" class="Tests\Symftony\Xpression\QueryStringParserTest" classname="Tests.Symftony.Xpression.QueryStringParserTest" file="/Users/anthony/Developpement/Xpression/tests/QueryStringParserTest.php" line="216" assertions="2" time="0.000651"/>
          <testcase name="testParse with data set #22" class="Tests\Symftony\Xpression\QueryStringParserTest" classname="Tests.Symftony.Xpression.QueryStringParserTest" file="/Users/anthony/Developpement/Xpression/tests/QueryStringParserTest.php" line="216" assertions="2" time="0.000872"/>
        </testsuite>
      </testsuite>
    </testsuite>
  </testsuite>
</testsuites>
